$ make clean

Making clean in mpglib

rm -rf .libs _libs

test -z "libmpgdecoder.la" || rm -f libmpgdecoder.la

rm -f ./so_locations

rm -f *.o

rm -f *.lo

Making clean in libmp3lame

Making clean in i386

test -z "choose_table.o.lst choose_table.lo.lst cpu_feat.o.lst cpu_feat.lo.lst fft3dn.o.lst fft3dn.lo.lst fftsse.o.lst fftsse.lo.lst" || rm -f choose_table.o.lst choose_table.lo.lst cpu_feat.o.lst cpu_feat.lo.lst fft3dn.o.lst fft3dn.lo.lst fftsse.o.lst fftsse.lo.lst

rm -rf .libs _libs

test -z "" || rm -f 

rm -f *.o

rm -f *.lo

Making clean in vector

test -z "lclint.txt" || rm -f lclint.txt

rm -rf .libs _libs

test -z "liblamevectorroutines.la" || rm -f liblamevectorroutines.la

rm -f ./so_locations

rm -f *.o

rm -f *.lo

test -z "lclint.txt" || rm -f lclint.txt

test -z "libmp3lame.la" || rm -f libmp3lame.la

rm -f ./so_locations

rm -rf .libs _libs

rm -f *.o

rm -f *.lo

Making clean in frontend

 rm -f lame

test -z "lclint.txt lame mp3rtp mp3x" || rm -f lclint.txt lame mp3rtp mp3x

rm -rf .libs _libs

rm -f *.o

rm -f *.lo

Making clean in Dll

rm -rf .libs _libs

rm -f *.lo

Making clean in doc

Making clean in html

rm -rf .libs _libs

rm -f *.lo

Making clean in man

rm -rf .libs _libs

rm -f *.lo

rm -rf .libs _libs

rm -f *.lo

Making clean in include

rm -rf .libs _libs

rm -f *.lo

Making clean in misc

test -z "abx ath scalartest" || rm -f abx ath scalartest

rm -rf .libs _libs

rm -f *.o

rm -f *.lo

Making clean in dshow

rm -rf .libs _libs

rm -f *.lo

Making clean in ACM

Making clean in ADbg

rm -rf .libs _libs

rm -f *.lo

Making clean in ddk

rm -rf .libs _libs

rm -f *.lo

Making clean in tinyxml

rm -rf .libs _libs

rm -f *.lo

rm -rf .libs _libs

rm -f *.lo

Making clean in mac

rm -rf .libs _libs

rm -f *.lo

Making clean in macosx

Making clean in English.lproj

rm -rf .libs _libs

rm -f *.lo

Making clean in LAME.xcodeproj

rm -rf .libs _libs

rm -f *.lo

rm -rf .libs _libs

rm -f *.lo

Making clean in vc_solution

rm -rf .libs _libs

rm -f *.lo

test -z "testcase.new.mp3" || rm -f testcase.new.mp3

rm -rf .libs _libs

rm -f *.lo

$ ./configure --prefix=/Users/jinglongcai/code/MobiPkg/compile/example/http/lame/install/android/x86_64 --exec-prefix /Users/jinglongcai/code/MobiPkg/compile/example/http/lame/install/android/x86_64 --host x86_64-linux-android

checking build system type... 
x86_64-apple-darwin21.6.0

checking host system type... 
x86_64-pc-linux-android

checking for a BSD-compatible install... 
/usr/local/bin/ginstall -c

checking whether build environment is sane... 
yes

checking for x86_64-linux-android-strip... /Users/jinglongcai/sdk/ndk/25.0.8775105/toolchains/llvm/prebuilt/darwin-x86_64/bin/llvm-strip

checking for a thread-safe mkdir -p... 
/usr/local/bin/gmkdir -p

checking for gawk... 
no
checking for mawk... 
no
checking for nawk... 
no
checking for awk... 
awk

checking whether make sets $(MAKE)... 
yes

checking whether make supports nested variables... 
yes

checking whether to enable maintainer-specific portions of Makefiles... no

checking for style of include used by make... 
GNU

checking for x86_64-linux-android-gcc... /Users/jinglongcai/sdk/ndk/25.0.8775105/toolchains/llvm/prebuilt/darwin-x86_64/bin/x86_64-linux-android21-clang

checking whether the C compiler works... 
yes
checking for C compiler default output file name... 
a.out

checking for suffix of executables... 


checking whether we are cross compiling... 
yes

checking for suffix of object files... 
o
checking whether we are using the GNU C compiler... 
yes

checking whether /Users/jinglongcai/sdk/ndk/25.0.8775105/toolchains/llvm/prebuilt/darwin-x86_64/bin/x86_64-linux-android21-clang accepts -g... 
yes

checking for /Users/jinglongcai/sdk/ndk/25.0.8775105/toolchains/llvm/prebuilt/darwin-x86_64/bin/x86_64-linux-android21-clang option to accept ISO C89... 
none needed

checking whether /Users/jinglongcai/sdk/ndk/25.0.8775105/toolchains/llvm/prebuilt/darwin-x86_64/bin/x86_64-linux-android21-clang understands -c and -o together... 
yes

checking dependency style of /Users/jinglongcai/sdk/ndk/25.0.8775105/toolchains/llvm/prebuilt/darwin-x86_64/bin/x86_64-linux-android21-clang... 
gcc3

checking how to run the C preprocessor... 
/Users/jinglongcai/sdk/ndk/25.0.8775105/toolchains/llvm/prebuilt/darwin-x86_64/bin/x86_64-linux-android21-clang -E

checking for grep that handles long lines and -e... 
/usr/bin/grep
checking for egrep... 
/usr/bin/grep -E
checking for ANSI C header files... 
yes

checking for sys/types.h... 
yes

checking for sys/stat.h... 
yes

checking for stdlib.h... 
yes

checking for string.h... 
yes

checking for memory.h... 
yes

checking for strings.h... 
yes

checking for inttypes.h... 
yes

checking for stdint.h... 
yes

checking for unistd.h... 
yes

checking minix/config.h usability... 
no
checking minix/config.h presence... 
no
checking for minix/config.h... 
no

checking whether it is safe to define __EXTENSIONS__... 
yes

checking for library containing strerror... 
none required

checking how to print strings... 
printf
checking for a sed that does not truncate output... 
/usr/bin/sed

checking for fgrep... 
/usr/bin/grep -F

checking for ld used by /Users/jinglongcai/sdk/ndk/25.0.8775105/toolchains/llvm/prebuilt/darwin-x86_64/bin/x86_64-linux-android21-clang... 
/Users/jinglongcai/sdk/ndk/25.0.8775105/toolchains/llvm/prebuilt/darwin-x86_64/bin/ld.lld
checking if the linker (/Users/jinglongcai/sdk/ndk/25.0.8775105/toolchains/llvm/prebuilt/darwin-x86_64/bin/ld.lld) is GNU ld... 
yes
checking for BSD- or MS-compatible name lister (nm)... 
/Users/jinglongcai/sdk/ndk/25.0.8775105/toolchains/llvm/prebuilt/darwin-x86_64/bin/llvm-nm

checking the name lister (/Users/jinglongcai/sdk/ndk/25.0.8775105/toolchains/llvm/prebuilt/darwin-x86_64/bin/llvm-nm) interface... 
BSD nm
checking whether ln -s works... yes

checking the maximum length of command line arguments... 
786432

checking how to convert x86_64-apple-darwin21.6.0 file names to x86_64-pc-linux-android format... 
func_convert_file_noop
checking how to convert x86_64-apple-darwin21.6.0 file names to toolchain format... 
func_convert_file_noop

checking for /Users/jinglongcai/sdk/ndk/25.0.8775105/toolchains/llvm/prebuilt/darwin-x86_64/bin/ld.lld option to reload object files... -r

checking for x86_64-linux-android-objdump... 
no

checking for objdump... 
objdump

configure: WARNING: using cross tools not prefixed with host triplet

checking how to recognize dependent libraries... 
pass_all

checking for x86_64-linux-android-dlltool... 
no

checking for dlltool... 
no

checking how to associate runtime and link libraries... 
printf %s\n

checking for x86_64-linux-android-ar... 
/Users/jinglongcai/sdk/ndk/25.0.8775105/toolchains/llvm/prebuilt/darwin-x86_64/bin/llvm-ar

checking for archiver @FILE support... 
@

checking for x86_64-linux-android-strip... (cached) 
/Users/jinglongcai/sdk/ndk/25.0.8775105/toolchains/llvm/prebuilt/darwin-x86_64/bin/llvm-strip

checking for x86_64-linux-android-ranlib... /Users/jinglongcai/sdk/ndk/25.0.8775105/toolchains/llvm/prebuilt/darwin-x86_64/bin/llvm-ranlib

checking command to parse /Users/jinglongcai/sdk/ndk/25.0.8775105/toolchains/llvm/prebuilt/darwin-x86_64/bin/llvm-nm output from /Users/jinglongcai/sdk/ndk/25.0.8775105/toolchains/llvm/prebuilt/darwin-x86_64/bin/x86_64-linux-android21-clang object... 
ok

checking for sysroot... 
no
checking for a working dd... 
/bin/dd
checking how to truncate binary pipes... 
/bin/dd bs=4096 count=1

checking for x86_64-linux-android-mt... 
no

checking for mt... 
no

checking if : is a manifest tool... 
no

checking for dlfcn.h... 
yes

checking for objdir... 
.libs

checking if /Users/jinglongcai/sdk/ndk/25.0.8775105/toolchains/llvm/prebuilt/darwin-x86_64/bin/x86_64-linux-android21-clang supports -fno-rtti -fno-exceptions... 
yes

checking for /Users/jinglongcai/sdk/ndk/25.0.8775105/toolchains/llvm/prebuilt/darwin-x86_64/bin/x86_64-linux-android21-clang option to produce PIC... -fPIC -DPIC

checking if /Users/jinglongcai/sdk/ndk/25.0.8775105/toolchains/llvm/prebuilt/darwin-x86_64/bin/x86_64-linux-android21-clang PIC flag -fPIC -DPIC works... 
yes

checking if /Users/jinglongcai/sdk/ndk/25.0.8775105/toolchains/llvm/prebuilt/darwin-x86_64/bin/x86_64-linux-android21-clang static flag -static works... 
yes
checking if /Users/jinglongcai/sdk/ndk/25.0.8775105/toolchains/llvm/prebuilt/darwin-x86_64/bin/x86_64-linux-android21-clang supports -c -o file.o... 
yes
checking if /Users/jinglongcai/sdk/ndk/25.0.8775105/toolchains/llvm/prebuilt/darwin-x86_64/bin/x86_64-linux-android21-clang supports -c -o file.o... (cached) yes

checking whether the /Users/jinglongcai/sdk/ndk/25.0.8775105/toolchains/llvm/prebuilt/darwin-x86_64/bin/x86_64-linux-android21-clang linker (/Users/jinglongcai/sdk/ndk/25.0.8775105/toolchains/llvm/prebuilt/darwin-x86_64/bin/ld.lld -m elf_x86_64) supports shared libraries... 
yes
checking whether -lc should be explicitly linked in... 
no
checking dynamic linker characteristics... 
Android linker

checking how to hardcode library paths into programs... 
immediate

checking whether stripping libraries is possible... 
yes
checking if libtool supports shared libraries... 
yes
checking whether to build shared libraries... 
yes

checking whether to build static libraries... 
yes

checking for x86_64-linux-android-gcc... (cached) /Users/jinglongcai/sdk/ndk/25.0.8775105/toolchains/llvm/prebuilt/darwin-x86_64/bin/x86_64-linux-android21-clang

checking whether we are using the GNU C compiler... (cached) 
yes
checking whether /Users/jinglongcai/sdk/ndk/25.0.8775105/toolchains/llvm/prebuilt/darwin-x86_64/bin/x86_64-linux-android21-clang accepts -g... 
(cached) yes

checking for /Users/jinglongcai/sdk/ndk/25.0.8775105/toolchains/llvm/prebuilt/darwin-x86_64/bin/x86_64-linux-android21-clang option to accept ISO C89... 
(cached) 
none needed

checking whether /Users/jinglongcai/sdk/ndk/25.0.8775105/toolchains/llvm/prebuilt/darwin-x86_64/bin/x86_64-linux-android21-clang understands -c and -o together... 
(cached) yes

checking dependency style of /Users/jinglongcai/sdk/ndk/25.0.8775105/toolchains/llvm/prebuilt/darwin-x86_64/bin/x86_64-linux-android21-clang... 
(cached) 
gcc3

checking compiler... 
clang
checking version of clang... 
14.0.6

checking dmalloc.h usability... 
no
checking dmalloc.h presence... 
no
checking for dmalloc.h... 
no

checking for ANSI C header files... 
(cached) yes

checking errno.h usability... 
yes
checking errno.h presence... 
yes
checking for errno.h... 
yes

checking fcntl.h usability... 
yes
checking fcntl.h presence... 
yes
checking for fcntl.h... 
yes

checking limits.h usability... 
yes
checking limits.h presence... 
yes
checking for limits.h... 
yes

checking for stdint.h... (cached) yes

checking for string.h... (cached) yes

checking sys/soundcard.h usability... 
no
checking sys/soundcard.h presence... 
no
checking for sys/soundcard.h... 
no

checking sys/time.h usability... 
yes
checking sys/time.h presence... 
yes
checking for sys/time.h... 
yes

checking for unistd.h... (cached) yes

checking linux/soundcard.h usability... 
yes
checking linux/soundcard.h presence... 
yes
checking for linux/soundcard.h... 
yes

checking working SSE intrinsics... 
yes
checking for an ANSI C-conforming const... 
yes
checking for inline... 
inline

checking for special C compiler options needed for large files... no

checking for _FILE_OFFSET_BITS value needed for large files... 
no

checking size of short... 
2

checking size of unsigned short... 
2

checking size of int... 
4

checking size of unsigned int... 
4

checking size of long... 
8

checking size of unsigned long... 
8

checking size of long long... 
8

checking size of unsigned long long... 
8

checking size of float... 
4

checking size of double... 
8

checking for long double with more range or precision than double... 
yes

checking for uint8_t... 
yes

checking for int8_t... 
yes

checking for uint16_t... 
yes

checking for int16_t... 
yes

checking for uint32_t... 
yes

checking for int32_t... 
yes

checking for uint64_t... 
yes

checking for int64_t... 
yes

checking for IEEE854 compliant 80 bit floats... 
configure: WARNING: can't check for IEEE854 compliant 80 bit floats



checking for ieee754_float64_t... 
no

checking for ieee754_float32_t... 
no

configure: WARNING:
  **************************************************************************
  *                                                                        *
  * You are cross compiling:                                               *
  *   - I did not have a change to determine                               *
  *     + the size of:                                                     *
  *       - short                                                          *
  *       - unsigned short                                                 *
  *       - int                                                            *
  *       - unsigned int                                                   *
  *       - long                                                           *
  *       - unsigned long                                                  *
  *       - float                                                          *
  *       - double                                                         *
  *       - long double                                                    *
  *     + the endianess of the system                                      *
  *   - You have to provide appropriate defines for them in config.h, e.g. *
  *     + define SIZEOF_SHORT to 2 if the size of a short is 2             *
  *     + define WORDS_BIGENDIAN if your system is a big endian system     *
  *                                                                        *
  **************************************************************************

checking for size_t... 
yes

checking whether time.h and sys/time.h may both be included... 
yes

checking for working alloca.h... 
yes

checking for alloca... 
yes

checking for gettimeofday... 
yes

checking for strtol... 
yes

checking for socket... 
yes

checking termcap.h usability... 
no
checking termcap.h presence... 
no
checking for termcap.h... 
no

checking ncurses/termcap.h usability... 
no
checking ncurses/termcap.h presence... 
no
checking for ncurses/termcap.h... 
no

checking for initscr in -ltermcap... 
no
checking for initscr in -lcurses... 
no
checking for initscr in -lncurses... 
no

checking for ld used by /Users/jinglongcai/sdk/ndk/25.0.8775105/toolchains/llvm/prebuilt/darwin-x86_64/bin/x86_64-linux-android21-clang... 
/Users/jinglongcai/sdk/ndk/25.0.8775105/toolchains/llvm/prebuilt/darwin-x86_64/bin/ld.lld -m elf_x86_64
checking if the linker (/Users/jinglongcai/sdk/ndk/25.0.8775105/toolchains/llvm/prebuilt/darwin-x86_64/bin/ld.lld -m elf_x86_64) is GNU ld... 
yes

checking for shared library run path origin... 
done

checking for iconv... 
no, consider installing GNU libiconv

checking for cos in -lm... 
yes
checking for cos in -lffm... 
no

checking for cos in -lcpml... 
no

checking for gtk-config... 
no
checking for GTK - version >= 1.2.0... 
no
*** The gtk-config script installed by GTK could not be found
*** If GTK was installed in PREFIX, make sure PREFIX/bin is in
*** your path, or set the GTK_CONFIG environment variable to the

*** full path to gtk-config.

checking use of ElectricFence malloc debugging... 
no

checking use of file io... 
lame
checking use of analyzer hooks... 
yes
checking use of mpg123 decoder... 
yes (Layer 1, 2, 3)
checking if the lame frontend should be build... yes

checking if mp3x is requested... no

checking if mp3rtp is requested... 
no
checking if dynamic linking of the frontends is requested... 
no

checking for termcap... no

checking if I have to build the internal vector lib... yes
checking for nasm... 
no

checking for additional optimizations... 
no
checking for debug options... 
no

checking that generated files are newer than configure... 
done

configure: creating ./config.status

config.status: creating Makefile

config.status: creating libmp3lame/Makefile

config.status: creating libmp3lame/i386/Makefile

config.status: creating libmp3lame/vector/Makefile

config.status: creating frontend/Makefile

config.status: creating mpglib/Makefile

config.status: creating doc/Makefile

config.status: creating doc/html/Makefile

config.status: creating doc/man/Makefile

config.status: creating include/Makefile

config.status: creating Dll/Makefile

config.status: creating misc/Makefile

config.status: creating dshow/Makefile

config.status: creating ACM/Makefile

config.status: creating ACM/ADbg/Makefile

config.status: creating ACM/ddk/Makefile

config.status: creating ACM/tinyxml/Makefile

config.status: creating lame.spec

config.status: creating mac/Makefile

config.status: creating macosx/Makefile

config.status: creating macosx/English.lproj/Makefile

config.status: creating macosx/LAME.xcodeproj/Makefile

config.status: creating vc_solution/Makefile

config.status: creating config.h

config.status: executing depfiles commands

config.status: executing libtool commands

$ make clean

Making clean in mpglib

rm -rf .libs _libs

test -z "libmpgdecoder.la" || rm -f libmpgdecoder.la

rm -f ./so_locations

rm -f *.o

rm -f *.lo

Making clean in libmp3lame

Making clean in i386

test -z "choose_table.o.lst choose_table.lo.lst cpu_feat.o.lst cpu_feat.lo.lst fft3dn.o.lst fft3dn.lo.lst fftsse.o.lst fftsse.lo.lst" || rm -f choose_table.o.lst choose_table.lo.lst cpu_feat.o.lst cpu_feat.lo.lst fft3dn.o.lst fft3dn.lo.lst fftsse.o.lst fftsse.lo.lst

rm -rf .libs _libs

test -z "" || rm -f 

rm -f *.o

rm -f *.lo

Making clean in vector

test -z "lclint.txt" || rm -f lclint.txt

rm -rf .libs _libs

test -z "liblamevectorroutines.la" || rm -f liblamevectorroutines.la

rm -f ./so_locations

rm -f *.o

rm -f *.lo

test -z "lclint.txt" || rm -f lclint.txt

test -z "libmp3lame.la" || rm -f libmp3lame.la

rm -f ./so_locations

rm -rf .libs _libs

rm -f *.o

rm -f *.lo

Making clean in frontend

 rm -f lame

test -z "lclint.txt lame mp3rtp mp3x" || rm -f lclint.txt lame mp3rtp mp3x

rm -rf .libs _libs

rm -f *.o

rm -f *.lo

Making clean in Dll

rm -rf .libs _libs

rm -f *.lo

Making clean in doc

Making clean in html

rm -rf .libs _libs

rm -f *.lo

Making clean in man

rm -rf .libs _libs

rm -f *.lo

rm -rf .libs _libs

rm -f *.lo

Making clean in include

rm -rf .libs _libs

rm -f *.lo

Making clean in misc

test -z "abx ath scalartest" || rm -f abx ath scalartest

rm -rf .libs _libs

rm -f *.o

rm -f *.lo

Making clean in dshow

rm -rf .libs _libs

rm -f *.lo

Making clean in ACM

Making clean in ADbg

rm -rf .libs _libs

rm -f *.lo

Making clean in ddk

rm -rf .libs _libs

rm -f *.lo

Making clean in tinyxml

rm -rf .libs _libs

rm -f *.lo

rm -rf .libs _libs

rm -f *.lo

Making clean in mac

rm -rf .libs _libs

rm -f *.lo

Making clean in macosx

Making clean in English.lproj

rm -rf .libs _libs

rm -f *.lo

Making clean in LAME.xcodeproj

rm -rf .libs _libs

rm -f *.lo

rm -rf .libs _libs

rm -f *.lo

Making clean in vc_solution

rm -rf .libs _libs

rm -f *.lo

test -z "testcase.new.mp3" || rm -f testcase.new.mp3

rm -rf .libs _libs

rm -f *.lo

$ make -j6

/Applications/Xcode.app/Contents/Developer/usr/bin/make  all-recursive

Making all in mpglib

/bin/sh ../libtool  --tag=CC   --mode=compile /Users/jinglongcai/sdk/ndk/25.0.8775105/toolchains/llvm/prebuilt/darwin-x86_64/bin/x86_64-linux-android21-clang -DHAVE_CONFIG_H  -I. -I.. -I../include -I. -I../libmp3lame -I..    -O3 -Wall -pipe -fPIC -O2 -Wall -fno-common -MT common.lo -MD -MP -MF .deps/common.Tpo -c -o common.lo common.c

/bin/sh ../libtool  --tag=CC   --mode=compile /Users/jinglongcai/sdk/ndk/25.0.8775105/toolchains/llvm/prebuilt/darwin-x86_64/bin/x86_64-linux-android21-clang -DHAVE_CONFIG_H  -I. -I.. -I../include -I. -I../libmp3lame -I..    -O3 -Wall -pipe -fPIC -O2 -Wall -fno-common -MT dct64_i386.lo -MD -MP -MF .deps/dct64_i386.Tpo -c -o dct64_i386.lo dct64_i386.c

/bin/sh ../libtool  --tag=CC   --mode=compile /Users/jinglongcai/sdk/ndk/25.0.8775105/toolchains/llvm/prebuilt/darwin-x86_64/bin/x86_64-linux-android21-clang -DHAVE_CONFIG_H  -I. -I.. -I../include -I. -I../libmp3lame -I..    -O3 -Wall -pipe -fPIC -O2 -Wall -fno-common -MT decode_i386.lo -MD -MP -MF .deps/decode_i386.Tpo -c -o decode_i386.lo decode_i386.c

/bin/sh ../libtool  --tag=CC   --mode=compile /Users/jinglongcai/sdk/ndk/25.0.8775105/toolchains/llvm/prebuilt/darwin-x86_64/bin/x86_64-linux-android21-clang -DHAVE_CONFIG_H  -I. -I.. -I../include -I. -I../libmp3lame -I..    -O3 -Wall -pipe -fPIC -O2 -Wall -fno-common -MT interface.lo -MD -MP -MF .deps/interface.Tpo -c -o interface.lo interface.c

/bin/sh ../libtool  --tag=CC   --mode=compile /Users/jinglongcai/sdk/ndk/25.0.8775105/toolchains/llvm/prebuilt/darwin-x86_64/bin/x86_64-linux-android21-clang -DHAVE_CONFIG_H  -I. -I.. -I../include -I. -I../libmp3lame -I..    -O3 -Wall -pipe -fPIC -O2 -Wall -fno-common -MT layer1.lo -MD -MP -MF .deps/layer1.Tpo -c -o layer1.lo layer1.c

/bin/sh ../libtool  --tag=CC   --mode=compile /Users/jinglongcai/sdk/ndk/25.0.8775105/toolchains/llvm/prebuilt/darwin-x86_64/bin/x86_64-linux-android21-clang -DHAVE_CONFIG_H  -I. -I.. -I../include -I. -I../libmp3lame -I..    -O3 -Wall -pipe -fPIC -O2 -Wall -fno-common -MT layer2.lo -MD -MP -MF .deps/layer2.Tpo -c -o layer2.lo layer2.c

libtool: compile:  /Users/jinglongcai/sdk/ndk/25.0.8775105/toolchains/llvm/prebuilt/darwin-x86_64/bin/x86_64-linux-android21-clang -DHAVE_CONFIG_H -I. -I.. -I../include -I. -I../libmp3lame -I.. -O3 -Wall -pipe -fPIC -O2 -Wall -fno-common -MT dct64_i386.lo -MD -MP -MF .deps/dct64_i386.Tpo -c dct64_i386.c  -fPIC -DPIC -o .libs/dct64_i386.o

libtool: compile:  /Users/jinglongcai/sdk/ndk/25.0.8775105/toolchains/llvm/prebuilt/darwin-x86_64/bin/x86_64-linux-android21-clang -DHAVE_CONFIG_H -I. -I.. -I../include -I. -I../libmp3lame -I.. -O3 -Wall -pipe -fPIC -O2 -Wall -fno-common -MT common.lo -MD -MP -MF .deps/common.Tpo -c common.c  -fPIC -DPIC -o .libs/common.o

libtool: compile:  /Users/jinglongcai/sdk/ndk/25.0.8775105/toolchains/llvm/prebuilt/darwin-x86_64/bin/x86_64-linux-android21-clang -DHAVE_CONFIG_H -I. -I.. -I../include -I. -I../libmp3lame -I.. -O3 -Wall -pipe -fPIC -O2 -Wall -fno-common -MT layer1.lo -MD -MP -MF .deps/layer1.Tpo -c layer1.c  -fPIC -DPIC -o .libs/layer1.o

libtool: compile:  /Users/jinglongcai/sdk/ndk/25.0.8775105/toolchains/llvm/prebuilt/darwin-x86_64/bin/x86_64-linux-android21-clang -DHAVE_CONFIG_H -I. -I.. -I../include -I. -I../libmp3lame -I.. -O3 -Wall -pipe -fPIC -O2 -Wall -fno-common -MT decode_i386.lo -MD -MP -MF .deps/decode_i386.Tpo -c decode_i386.c  -fPIC -DPIC -o .libs/decode_i386.o

libtool: compile:  /Users/jinglongcai/sdk/ndk/25.0.8775105/toolchains/llvm/prebuilt/darwin-x86_64/bin/x86_64-linux-android21-clang -DHAVE_CONFIG_H -I. -I.. -I../include -I. -I../libmp3lame -I.. -O3 -Wall -pipe -fPIC -O2 -Wall -fno-common -MT interface.lo -MD -MP -MF .deps/interface.Tpo -c interface.c  -fPIC -DPIC -o .libs/interface.o

libtool: compile:  /Users/jinglongcai/sdk/ndk/25.0.8775105/toolchains/llvm/prebuilt/darwin-x86_64/bin/x86_64-linux-android21-clang -DHAVE_CONFIG_H -I. -I.. -I../include -I. -I../libmp3lame -I.. -O3 -Wall -pipe -fPIC -O2 -Wall -fno-common -MT layer2.lo -MD -MP -MF .deps/layer2.Tpo -c layer2.c  -fPIC -DPIC -o .libs/layer2.o

libtool: compile:  /Users/jinglongcai/sdk/ndk/25.0.8775105/toolchains/llvm/prebuilt/darwin-x86_64/bin/x86_64-linux-android21-clang -DHAVE_CONFIG_H -I. -I.. -I../include -I. -I../libmp3lame -I.. -O3 -Wall -pipe -fPIC -O2 -Wall -fno-common -MT common.lo -MD -MP -MF .deps/common.Tpo -c common.c -o common.o >/dev/null 2>&1

libtool: compile:  /Users/jinglongcai/sdk/ndk/25.0.8775105/toolchains/llvm/prebuilt/darwin-x86_64/bin/x86_64-linux-android21-clang -DHAVE_CONFIG_H -I. -I.. -I../include -I. -I../libmp3lame -I.. -O3 -Wall -pipe -fPIC -O2 -Wall -fno-common -MT dct64_i386.lo -MD -MP -MF .deps/dct64_i386.Tpo -c dct64_i386.c -o dct64_i386.o >/dev/null 2>&1

libtool: compile:  /Users/jinglongcai/sdk/ndk/25.0.8775105/toolchains/llvm/prebuilt/darwin-x86_64/bin/x86_64-linux-android21-clang -DHAVE_CONFIG_H -I. -I.. -I../include -I. -I../libmp3lame -I.. -O3 -Wall -pipe -fPIC -O2 -Wall -fno-common -MT layer1.lo -MD -MP -MF .deps/layer1.Tpo -c layer1.c -o layer1.o >/dev/null 2>&1

libtool: compile:  /Users/jinglongcai/sdk/ndk/25.0.8775105/toolchains/llvm/prebuilt/darwin-x86_64/bin/x86_64-linux-android21-clang -DHAVE_CONFIG_H -I. -I.. -I../include -I. -I../libmp3lame -I.. -O3 -Wall -pipe -fPIC -O2 -Wall -fno-common -MT decode_i386.lo -MD -MP -MF .deps/decode_i386.Tpo -c decode_i386.c -o decode_i386.o >/dev/null 2>&1

mv -f .deps/common.Tpo .deps/common.Plo

mv -f .deps/dct64_i386.Tpo .deps/dct64_i386.Plo

libtool: compile:  /Users/jinglongcai/sdk/ndk/25.0.8775105/toolchains/llvm/prebuilt/darwin-x86_64/bin/x86_64-linux-android21-clang -DHAVE_CONFIG_H -I. -I.. -I../include -I. -I../libmp3lame -I.. -O3 -Wall -pipe -fPIC -O2 -Wall -fno-common -MT interface.lo -MD -MP -MF .deps/interface.Tpo -c interface.c -o interface.o >/dev/null 2>&1

/bin/sh ../libtool  --tag=CC   --mode=compile /Users/jinglongcai/sdk/ndk/25.0.8775105/toolchains/llvm/prebuilt/darwin-x86_64/bin/x86_64-linux-android21-clang -DHAVE_CONFIG_H  -I. -I.. -I../include -I. -I../libmp3lame -I..    -O3 -Wall -pipe -fPIC -O2 -Wall -fno-common -MT layer3.lo -MD -MP -MF .deps/layer3.Tpo -c -o layer3.lo layer3.c

/bin/sh ../libtool  --tag=CC   --mode=compile /Users/jinglongcai/sdk/ndk/25.0.8775105/toolchains/llvm/prebuilt/darwin-x86_64/bin/x86_64-linux-android21-clang -DHAVE_CONFIG_H  -I. -I.. -I../include -I. -I../libmp3lame -I..    -O3 -Wall -pipe -fPIC -O2 -Wall -fno-common -MT tabinit.lo -MD -MP -MF .deps/tabinit.Tpo -c -o tabinit.lo tabinit.c

mv -f .deps/layer1.Tpo .deps/layer1.Plo

libtool: compile:  /Users/jinglongcai/sdk/ndk/25.0.8775105/toolchains/llvm/prebuilt/darwin-x86_64/bin/x86_64-linux-android21-clang -DHAVE_CONFIG_H -I. -I.. -I../include -I. -I../libmp3lame -I.. -O3 -Wall -pipe -fPIC -O2 -Wall -fno-common -MT layer2.lo -MD -MP -MF .deps/layer2.Tpo -c layer2.c -o layer2.o >/dev/null 2>&1

mv -f .deps/decode_i386.Tpo .deps/decode_i386.Plo

libtool: compile:  /Users/jinglongcai/sdk/ndk/25.0.8775105/toolchains/llvm/prebuilt/darwin-x86_64/bin/x86_64-linux-android21-clang -DHAVE_CONFIG_H -I. -I.. -I../include -I. -I../libmp3lame -I.. -O3 -Wall -pipe -fPIC -O2 -Wall -fno-common -MT layer3.lo -MD -MP -MF .deps/layer3.Tpo -c layer3.c  -fPIC -DPIC -o .libs/layer3.o

libtool: compile:  /Users/jinglongcai/sdk/ndk/25.0.8775105/toolchains/llvm/prebuilt/darwin-x86_64/bin/x86_64-linux-android21-clang -DHAVE_CONFIG_H -I. -I.. -I../include -I. -I../libmp3lame -I.. -O3 -Wall -pipe -fPIC -O2 -Wall -fno-common -MT tabinit.lo -MD -MP -MF .deps/tabinit.Tpo -c tabinit.c  -fPIC -DPIC -o .libs/tabinit.o

libtool: compile:  /Users/jinglongcai/sdk/ndk/25.0.8775105/toolchains/llvm/prebuilt/darwin-x86_64/bin/x86_64-linux-android21-clang -DHAVE_CONFIG_H -I. -I.. -I../include -I. -I../libmp3lame -I.. -O3 -Wall -pipe -fPIC -O2 -Wall -fno-common -MT tabinit.lo -MD -MP -MF .deps/tabinit.Tpo -c tabinit.c -o tabinit.o >/dev/null 2>&1

mv -f .deps/interface.Tpo .deps/interface.Plo

mv -f .deps/tabinit.Tpo .deps/tabinit.Plo

mv -f .deps/layer2.Tpo .deps/layer2.Plo

libtool: compile:  /Users/jinglongcai/sdk/ndk/25.0.8775105/toolchains/llvm/prebuilt/darwin-x86_64/bin/x86_64-linux-android21-clang -DHAVE_CONFIG_H -I. -I.. -I../include -I. -I../libmp3lame -I.. -O3 -Wall -pipe -fPIC -O2 -Wall -fno-common -MT layer3.lo -MD -MP -MF .deps/layer3.Tpo -c layer3.c -o layer3.o >/dev/null 2>&1

mv -f .deps/layer3.Tpo .deps/layer3.Plo

/bin/sh ../libtool  --tag=CC   --mode=link /Users/jinglongcai/sdk/ndk/25.0.8775105/toolchains/llvm/prebuilt/darwin-x86_64/bin/x86_64-linux-android21-clang  -O3 -Wall -pipe -fPIC -O2 -Wall -fno-common   -o libmpgdecoder.la  common.lo dct64_i386.lo decode_i386.lo interface.lo layer1.lo layer2.lo layer3.lo tabinit.lo  

libtool: link: /Users/jinglongcai/sdk/ndk/25.0.8775105/toolchains/llvm/prebuilt/darwin-x86_64/bin/llvm-ar cru .libs/libmpgdecoder.a .libs/common.o .libs/dct64_i386.o .libs/decode_i386.o .libs/interface.o .libs/layer1.o .libs/layer2.o .libs/layer3.o .libs/tabinit.o 

libtool: link: /Users/jinglongcai/sdk/ndk/25.0.8775105/toolchains/llvm/prebuilt/darwin-x86_64/bin/llvm-ranlib .libs/libmpgdecoder.a

libtool: link: ( cd ".libs" && rm -f "libmpgdecoder.la" && ln -s "../libmpgdecoder.la" "libmpgdecoder.la" )

Making all in libmp3lame

Making all in i386

make[3]: Nothing to be done for `all'.

Making all in vector

/bin/sh ../../libtool  --tag=CC   --mode=compile /Users/jinglongcai/sdk/ndk/25.0.8775105/toolchains/llvm/prebuilt/darwin-x86_64/bin/x86_64-linux-android21-clang -DHAVE_CONFIG_H  -I. -I../.. -I../../include -I. -I../../libmp3lame -I../../mpglib -I../..    -O3 -Wall -pipe -fPIC -O2 -Wall -fno-common -MT xmm_quantize_sub.lo -MD -MP -MF .deps/xmm_quantize_sub.Tpo -c -o xmm_quantize_sub.lo xmm_quantize_sub.c

libtool: compile:  /Users/jinglongcai/sdk/ndk/25.0.8775105/toolchains/llvm/prebuilt/darwin-x86_64/bin/x86_64-linux-android21-clang -DHAVE_CONFIG_H -I. -I../.. -I../../include -I. -I../../libmp3lame -I../../mpglib -I../.. -O3 -Wall -pipe -fPIC -O2 -Wall -fno-common -MT xmm_quantize_sub.lo -MD -MP -MF .deps/xmm_quantize_sub.Tpo -c xmm_quantize_sub.c  -fPIC -DPIC -o .libs/xmm_quantize_sub.o

xmm_quantize_sub.c:180:20: warning: variable 'v_s2' set but not used [-Wunused-but-set-variable]
            __m128 v_s2;
                   ^

1 warning generated.

libtool: compile:  /Users/jinglongcai/sdk/ndk/25.0.8775105/toolchains/llvm/prebuilt/darwin-x86_64/bin/x86_64-linux-android21-clang -DHAVE_CONFIG_H -I. -I../.. -I../../include -I. -I../../libmp3lame -I../../mpglib -I../.. -O3 -Wall -pipe -fPIC -O2 -Wall -fno-common -MT xmm_quantize_sub.lo -MD -MP -MF .deps/xmm_quantize_sub.Tpo -c xmm_quantize_sub.c -o xmm_quantize_sub.o >/dev/null 2>&1

mv -f .deps/xmm_quantize_sub.Tpo .deps/xmm_quantize_sub.Plo

/bin/sh ../../libtool  --tag=CC   --mode=link /Users/jinglongcai/sdk/ndk/25.0.8775105/toolchains/llvm/prebuilt/darwin-x86_64/bin/x86_64-linux-android21-clang  -O3 -Wall -pipe -fPIC -O2 -Wall -fno-common   -o liblamevectorroutines.la  xmm_quantize_sub.lo  

libtool: link: /Users/jinglongcai/sdk/ndk/25.0.8775105/toolchains/llvm/prebuilt/darwin-x86_64/bin/llvm-ar cru .libs/liblamevectorroutines.a .libs/xmm_quantize_sub.o 

libtool: link: /Users/jinglongcai/sdk/ndk/25.0.8775105/toolchains/llvm/prebuilt/darwin-x86_64/bin/llvm-ranlib .libs/liblamevectorroutines.a

libtool: link: ( cd ".libs" && rm -f "liblamevectorroutines.la" && ln -s "../liblamevectorroutines.la" "liblamevectorroutines.la" )

/bin/sh ../libtool  --tag=CC   --mode=compile /Users/jinglongcai/sdk/ndk/25.0.8775105/toolchains/llvm/prebuilt/darwin-x86_64/bin/x86_64-linux-android21-clang -DHAVE_CONFIG_H  -I. -I.. -I../include -I. -I../mpglib -I..    -O3 -Wall -pipe -fPIC -O2 -Wall -fno-common -MT VbrTag.lo -MD -MP -MF .deps/VbrTag.Tpo -c -o VbrTag.lo VbrTag.c

/bin/sh ../libtool  --tag=CC   --mode=compile /Users/jinglongcai/sdk/ndk/25.0.8775105/toolchains/llvm/prebuilt/darwin-x86_64/bin/x86_64-linux-android21-clang -DHAVE_CONFIG_H  -I. -I.. -I../include -I. -I../mpglib -I..    -O3 -Wall -pipe -fPIC -O2 -Wall -fno-common -MT bitstream.lo -MD -MP -MF .deps/bitstream.Tpo -c -o bitstream.lo bitstream.c

/bin/sh ../libtool  --tag=CC   --mode=compile /Users/jinglongcai/sdk/ndk/25.0.8775105/toolchains/llvm/prebuilt/darwin-x86_64/bin/x86_64-linux-android21-clang -DHAVE_CONFIG_H  -I. -I.. -I../include -I. -I../mpglib -I..    -O3 -Wall -pipe -fPIC -O2 -Wall -fno-common -MT encoder.lo -MD -MP -MF .deps/encoder.Tpo -c -o encoder.lo encoder.c

/bin/sh ../libtool  --tag=CC   --mode=compile /Users/jinglongcai/sdk/ndk/25.0.8775105/toolchains/llvm/prebuilt/darwin-x86_64/bin/x86_64-linux-android21-clang -DHAVE_CONFIG_H  -I. -I.. -I../include -I. -I../mpglib -I..    -O3 -Wall -pipe -fPIC -O2 -Wall -fno-common -MT fft.lo -MD -MP -MF .deps/fft.Tpo -c -o fft.lo fft.c

/bin/sh ../libtool  --tag=CC   --mode=compile /Users/jinglongcai/sdk/ndk/25.0.8775105/toolchains/llvm/prebuilt/darwin-x86_64/bin/x86_64-linux-android21-clang -DHAVE_CONFIG_H  -I. -I.. -I../include -I. -I../mpglib -I..    -O3 -Wall -pipe -fPIC -O2 -Wall -fno-common -MT gain_analysis.lo -MD -MP -MF .deps/gain_analysis.Tpo -c -o gain_analysis.lo gain_analysis.c

/bin/sh ../libtool  --tag=CC   --mode=compile /Users/jinglongcai/sdk/ndk/25.0.8775105/toolchains/llvm/prebuilt/darwin-x86_64/bin/x86_64-linux-android21-clang -DHAVE_CONFIG_H  -I. -I.. -I../include -I. -I../mpglib -I..    -O3 -Wall -pipe -fPIC -O2 -Wall -fno-common -MT id3tag.lo -MD -MP -MF .deps/id3tag.Tpo -c -o id3tag.lo id3tag.c

libtool: compile:  /Users/jinglongcai/sdk/ndk/25.0.8775105/toolchains/llvm/prebuilt/darwin-x86_64/bin/x86_64-linux-android21-clang -DHAVE_CONFIG_H -I. -I.. -I../include -I. -I../mpglib -I.. -O3 -Wall -pipe -fPIC -O2 -Wall -fno-common -MT bitstream.lo -MD -MP -MF .deps/bitstream.Tpo -c bitstream.c  -fPIC -DPIC -o .libs/bitstream.o

libtool: compile:  /Users/jinglongcai/sdk/ndk/25.0.8775105/toolchains/llvm/prebuilt/darwin-x86_64/bin/x86_64-linux-android21-clang -DHAVE_CONFIG_H -I. -I.. -I../include -I. -I../mpglib -I.. -O3 -Wall -pipe -fPIC -O2 -Wall -fno-common -MT fft.lo -MD -MP -MF .deps/fft.Tpo -c fft.c  -fPIC -DPIC -o .libs/fft.o

libtool: compile:  /Users/jinglongcai/sdk/ndk/25.0.8775105/toolchains/llvm/prebuilt/darwin-x86_64/bin/x86_64-linux-android21-clang -DHAVE_CONFIG_H -I. -I.. -I../include -I. -I../mpglib -I.. -O3 -Wall -pipe -fPIC -O2 -Wall -fno-common -MT VbrTag.lo -MD -MP -MF .deps/VbrTag.Tpo -c VbrTag.c  -fPIC -DPIC -o .libs/VbrTag.o

libtool: compile:  /Users/jinglongcai/sdk/ndk/25.0.8775105/toolchains/llvm/prebuilt/darwin-x86_64/bin/x86_64-linux-android21-clang -DHAVE_CONFIG_H -I. -I.. -I../include -I. -I../mpglib -I.. -O3 -Wall -pipe -fPIC -O2 -Wall -fno-common -MT encoder.lo -MD -MP -MF .deps/encoder.Tpo -c encoder.c  -fPIC -DPIC -o .libs/encoder.o

libtool: compile:  /Users/jinglongcai/sdk/ndk/25.0.8775105/toolchains/llvm/prebuilt/darwin-x86_64/bin/x86_64-linux-android21-clang -DHAVE_CONFIG_H -I. -I.. -I../include -I. -I../mpglib -I.. -O3 -Wall -pipe -fPIC -O2 -Wall -fno-common -MT id3tag.lo -MD -MP -MF .deps/id3tag.Tpo -c id3tag.c  -fPIC -DPIC -o .libs/id3tag.o

libtool: compile:  /Users/jinglongcai/sdk/ndk/25.0.8775105/toolchains/llvm/prebuilt/darwin-x86_64/bin/x86_64-linux-android21-clang -DHAVE_CONFIG_H -I. -I.. -I../include -I. -I../mpglib -I.. -O3 -Wall -pipe -fPIC -O2 -Wall -fno-common -MT gain_analysis.lo -MD -MP -MF .deps/gain_analysis.Tpo -c gain_analysis.c  -fPIC -DPIC -o .libs/gain_analysis.o

VbrTag.c:263:5: warning: shifting a negative signed value is undefined [-Wshift-negative-value]
    SHIFT_IN_BITS_VALUE(buffer[0], 8u, 0xffu);
    ^~~~~~~~~~~~~~~~~~~~~~~~~~~~~~~~~~~~~~~~~
VbrTag.c:254:68: note: expanded from macro 'SHIFT_IN_BITS_VALUE'

#define SHIFT_IN_BITS_VALUE(x,n,v) ( x = (x << (n)) | ( (v) & ~(-1 << (n)) ) )
                                                                ~~ ^
VbrTag.c:265:5: warning: shifting a negative signed value is undefined [-Wshift-negative-value]
    SHIFT_IN_BITS_VALUE(buffer[1], 3u, 7);
    ^~~~~~~~~~~~~~~~~~~~~~~~~~~~~~~~~~~~~
VbrTag.c:254:68: note: expanded from macro 'SHIFT_IN_BITS_VALUE'
#define SHIFT_IN_BITS_VALUE(x,n,v) ( x = (x << (n)) | ( (v) & ~(-1 << (n)) ) )
                                                                ~~ ^
VbrTag.c:266:5: warning: shifting a negative signed value is undefined [-Wshift-negative-value]
    SHIFT_IN_BITS_VALUE(buffer[1], 1u, (cfg->samplerate_out < 16000) ? 0 : 1);
    ^~~~~~~~~~~~~~~~~~~~~~~~~~~~~~~~~~~~~~~~~~~~~~~~~~~~~~~~~~~~~~~~~~~~~~~~~


VbrTag.c
:254
:68
: 
note: expanded from macro 'SHIFT_IN_BITS_VALUE'

#define SHIFT_IN_BITS_VALUE(x,n,v) ( x = (x << (n)) | ( (v) & ~(-1 << (n)) ) )

                                                                ~~ ^
VbrTag.c:267:5: warning: 
shifting a negative signed value is undefined [-Wshift-negative-value]
    SHIFT_IN_BITS_VALUE(buffer[1], 1u, cfg->version);
    ^~~~~~~~~~~~~~~~~~~~~~~~~~~~~~~~~~~~~~~~~~~~~~~~
VbrTag.c:254:68: note: expanded from macro 'SHIFT_IN_BITS_VALUE'

#define SHIFT_IN_BITS_VALUE(x,n,v) ( x = (x << (n)) | ( (v) & ~(-1 << (n)) ) )


                                                                ~~ ^

VbrTag.c
:268
:5
:
 warning: 
shifting a negative signed value is undefined [-Wshift-negative-value]
    SHIFT_IN_BITS_VALUE(buffer[1], 2u, 4 - 3);
    ^~~~~~~~~~~~~~~~~~~~~~~~~~~~~~~~~~~~~~~~~


VbrTag.c:254:68
: note: expanded from macro 'SHIFT_IN_BITS_VALUE'

#define SHIFT_IN_BITS_VALUE(x,n,v) ( x = (x << (n)) | ( (v) & ~(-1 << (n)) ) )

                                                                ~~ ^

VbrTag.c:269:5:
 warning: 
shifting a negative signed value is undefined [-Wshift-negative-value]

    SHIFT_IN_BITS_VALUE(buffer[1], 1u, (!cfg->error_protection) ? 1 : 0);
    ^~~~~~~~~~~~~~~~~~~~~~~~~~~~~~~~~~~~~~~~~~~~~~~~~~~~~~~~~~~~~~~~~~~~

VbrTag.c:254:68:
 note: 
expanded from macro 'SHIFT_IN_BITS_VALUE'
#define SHIFT_IN_BITS_VALUE(x,n,v) ( x = (x << (n)) | ( (v) & ~(-1 << (n)) ) )

                                                                ~~ ^
VbrTag.c:271:5
:
 warning: 
shifting a negative signed value is undefined [-Wshift-negative-value]

    SHIFT_IN_BITS_VALUE(buffer[2], 4u, eov->bitrate_index);
    ^~~~~~~~~~~~~~~~~~~~~~~~~~~~~~~~~~~~~~~~~~~~~~~~~~~~~~
VbrTag.c:254:68: note: expanded from macro 'SHIFT_IN_BITS_VALUE'
#define SHIFT_IN_BITS_VALUE(x,n,v) ( x = (x << (n)) | ( (v) & ~(-1 << (n)) ) )
                                                                ~~ ^

VbrTag.c:272:5: 
warning: shifting a negative signed value is undefined [-Wshift-negative-value]


    SHIFT_IN_BITS_VALUE(buffer[2], 2u, cfg->samplerate_index);

    ^~~~~~~~~~~~~~~~~~~~~~~~~~~~~~~~~~~~~~~~~~~~~~~~~~~~~~~~~


VbrTag.c
:254
:68:
 note: expanded from macro 'SHIFT_IN_BITS_VALUE'

#define SHIFT_IN_BITS_VALUE(x,n,v) ( x = (x << (n)) | ( (v) & ~(-1 << (n)) ) )
                                                                ~~ ^

VbrTag.c:
273:
5:
 
warning: shifting a negative signed value is undefined [-Wshift-negative-value]

    SHIFT_IN_BITS_VALUE(buffer[2], 1u, 0);
    ^~~~~~~~~~~~~~~~~~~~~~~~~~~~~~~~~~~~~
VbrTag.c:254
:68: note: expanded from macro 'SHIFT_IN_BITS_VALUE'

#define SHIFT_IN_BITS_VALUE(x,n,v) ( x = (x << (n)) | ( (v) & ~(-1 << (n)) ) )
                                                                ~~ ^
VbrTag.c:274:5: warning: shifting a negative signed value is undefined [-Wshift-negative-value]

    SHIFT_IN_BITS_VALUE(buffer[2], 1u, cfg->extension);
    ^~~~~~~~~~~~~~~~~~~~~~~~~~~~~~~~~~~~~~~~~~~~~~~~~~
VbrTag.c:254:68: note: expanded from macro 'SHIFT_IN_BITS_VALUE'

#define SHIFT_IN_BITS_VALUE(x,n,v) ( x = (x << (n)) | ( (v) & ~(-1 << (n)) ) )
                                                                ~~ ^
VbrTag.c:276:5: warning: shifting a negative signed value is undefined [-Wshift-negative-value]

    SHIFT_IN_BITS_VALUE(buffer[3], 2u, cfg->mode);
    ^~~~~~~~~~~~~~~~~~~~~~~~~~~~~~~~~~~~~~~~~~~~~
VbrTag.c:254:68: note: expanded from macro 'SHIFT_IN_BITS_VALUE'
#define SHIFT_IN_BITS_VALUE(x,n,v) ( x = (x << (n)) | ( (v) & ~(-1 << (n)) ) )
                                                                ~~ ^
VbrTag.c:277:5: warning: shifting a negative signed value is undefined [-Wshift-negative-value]
    SHIFT_IN_BITS_VALUE(buffer[3], 2u, eov->mode_ext);
    ^~~~~~~~~~~~~~~~~~~~~~~~~~~~~~~~~~~~~~~~~~~~~~~~~
VbrTag.c:254:68: note: expanded from macro 'SHIFT_IN_BITS_VALUE'
#define SHIFT_IN_BITS_VALUE(x,n,v) ( x = (x << (n)) | ( (v) & ~(-1 << (n)) ) )
                                                                ~~ ^
VbrTag.c:
278:5: warning: shifting a negative signed value is undefined [-Wshift-negative-value]

    SHIFT_IN_BITS_VALUE(buffer[3], 1u, cfg->copyright);
    ^~~~~~~~~~~~~~~~~~~~~~~~~~~~~~~~~~~~~~~~~~~~~~~~~~
VbrTag.c:254:
68: note: 
expanded from macro 'SHIFT_IN_BITS_VALUE'
#define SHIFT_IN_BITS_VALUE(x,n,v) ( x = (x << (n)) | ( (v) & ~(-1 << (n)) ) )

                                                                ~~ ^
VbrTag.c:279:5
:
 warning: shifting a negative signed value is undefined [-Wshift-negative-value]

    SHIFT_IN_BITS_VALUE(buffer[3], 1u, cfg->original);
    ^~~~~~~~~~~~~~~~~~~~~~~~~~~~~~~~~~~~~~~~~~~~~~~~~
VbrTag.c
:254
:68: note: expanded from macro 'SHIFT_IN_BITS_VALUE'
#define SHIFT_IN_BITS_VALUE(x,n,v) ( x = (x << (n)) | ( (v) & ~(-1 << (n)) ) )
                                                                ~~ ^

VbrTag.c:280:5: warning: shifting a negative signed value is undefined [-Wshift-negative-value]
    SHIFT_IN_BITS_VALUE(buffer[3], 2u, cfg->emphasis);
    ^~~~~~~~~~~~~~~~~~~~~~~~~~~~~~~~~~~~~~~~~~~~~~~~~
VbrTag.c:254:68: note: expanded from macro 'SHIFT_IN_BITS_VALUE'

#define SHIFT_IN_BITS_VALUE(x,n,v) ( x = (x << (n)) | ( (v) & ~(-1 << (n)) ) )
                                                                ~~ ^

VbrTag.c:430:23: warning: comparison of array 'pTagData->toc' not equal to a null pointer is always true [-Wtautological-pointer-compare]
        if (pTagData->toc != NULL) {
            ~~~~~~~~~~^~~    ~~~~

libtool: compile:  /Users/jinglongcai/sdk/ndk/25.0.8775105/toolchains/llvm/prebuilt/darwin-x86_64/bin/x86_64-linux-android21-clang -DHAVE_CONFIG_H -I. -I.. -I../include -I. -I../mpglib -I.. -O3 -Wall -pipe -fPIC -O2 -Wall -fno-common -MT fft.lo -MD -MP -MF .deps/fft.Tpo -c fft.c -o fft.o >/dev/null 2>&1

libtool: compile:  /Users/jinglongcai/sdk/ndk/25.0.8775105/toolchains/llvm/prebuilt/darwin-x86_64/bin/x86_64-linux-android21-clang -DHAVE_CONFIG_H -I. -I.. -I../include -I. -I../mpglib -I.. -O3 -Wall -pipe -fPIC -O2 -Wall -fno-common -MT gain_analysis.lo -MD -MP -MF .deps/gain_analysis.Tpo -c gain_analysis.c -o gain_analysis.o >/dev/null 2>&1

libtool: compile:  /Users/jinglongcai/sdk/ndk/25.0.8775105/toolchains/llvm/prebuilt/darwin-x86_64/bin/x86_64-linux-android21-clang -DHAVE_CONFIG_H -I. -I.. -I../include -I. -I../mpglib -I.. -O3 -Wall -pipe -fPIC -O2 -Wall -fno-common -MT encoder.lo -MD -MP -MF .deps/encoder.Tpo -c encoder.c -o encoder.o >/dev/null 2>&1

16 warnings generated.

libtool: compile:  /Users/jinglongcai/sdk/ndk/25.0.8775105/toolchains/llvm/prebuilt/darwin-x86_64/bin/x86_64-linux-android21-clang -DHAVE_CONFIG_H -I. -I.. -I../include -I. -I../mpglib -I.. -O3 -Wall -pipe -fPIC -O2 -Wall -fno-common -MT VbrTag.lo -MD -MP -MF .deps/VbrTag.Tpo -c VbrTag.c -o VbrTag.o >/dev/null 2>&1

mv -f .deps/fft.Tpo .deps/fft.Plo

/bin/sh ../libtool  --tag=CC   --mode=compile /Users/jinglongcai/sdk/ndk/25.0.8775105/toolchains/llvm/prebuilt/darwin-x86_64/bin/x86_64-linux-android21-clang -DHAVE_CONFIG_H  -I. -I.. -I../include -I. -I../mpglib -I..    -O3 -Wall -pipe -fPIC -O2 -Wall -fno-common -MT lame.lo -MD -MP -MF .deps/lame.Tpo -c -o lame.lo lame.c

mv -f .deps/gain_analysis.Tpo .deps/gain_analysis.Plo

/bin/sh ../libtool  --tag=CC   --mode=compile /Users/jinglongcai/sdk/ndk/25.0.8775105/toolchains/llvm/prebuilt/darwin-x86_64/bin/x86_64-linux-android21-clang -DHAVE_CONFIG_H  -I. -I.. -I../include -I. -I../mpglib -I..    -O3 -Wall -pipe -fPIC -O2 -Wall -fno-common -MT newmdct.lo -MD -MP -MF .deps/newmdct.Tpo -c -o newmdct.lo newmdct.c

libtool: compile:  /Users/jinglongcai/sdk/ndk/25.0.8775105/toolchains/llvm/prebuilt/darwin-x86_64/bin/x86_64-linux-android21-clang -DHAVE_CONFIG_H -I. -I.. -I../include -I. -I../mpglib -I.. -O3 -Wall -pipe -fPIC -O2 -Wall -fno-common -MT lame.lo -MD -MP -MF .deps/lame.Tpo -c lame.c  -fPIC -DPIC -o .libs/lame.o

libtool: compile:  /Users/jinglongcai/sdk/ndk/25.0.8775105/toolchains/llvm/prebuilt/darwin-x86_64/bin/x86_64-linux-android21-clang -DHAVE_CONFIG_H -I. -I.. -I../include -I. -I../mpglib -I.. -O3 -Wall -pipe -fPIC -O2 -Wall -fno-common -MT newmdct.lo -MD -MP -MF .deps/newmdct.Tpo -c newmdct.c  -fPIC -DPIC -o .libs/newmdct.o

mv -f .deps/encoder.Tpo .deps/encoder.Plo

lame.c:641:13: warning: using floating point absolute value function 'fabs' when argument is of integer type [-Wabsolute-value]
        if (EQ(gfp->compression_ratio, 0))
            ^
./machine.h:170:12: note: expanded from macro 'EQ'
(fabs(a) > fabs(b)) \
           ^

lame.c:
641:13: note: 
use function 'abs' instead

./machine.h:170:12: note: 
expanded from macro 'EQ'


(fabs(a) > fabs(b)) \

           ^

lame.c:641:13: warning: using floating point absolute value function 'fabs' when argument is of integer type [-Wabsolute-value]
        if (EQ(gfp->compression_ratio, 0))
            ^
./machine.h:172:23: note: expanded from macro 'EQ'
 : (fabs((a)-(b)) <= (fabs(b) * 1e-6f)))
                      ^

lame.c:641:13: note: use function 'abs' instead
./machine.h:172:23: note: expanded from macro 'EQ'

 : (fabs((a)-(b)) <= (fabs(b) * 1e-6f)))
                      ^

mv -f .deps/VbrTag.Tpo .deps/VbrTag.Plo

/bin/sh ../libtool  --tag=CC   --mode=compile /Users/jinglongcai/sdk/ndk/25.0.8775105/toolchains/llvm/prebuilt/darwin-x86_64/bin/x86_64-linux-android21-clang -DHAVE_CONFIG_H  -I. -I.. -I../include -I. -I../mpglib -I..    -O3 -Wall -pipe -fPIC -O2 -Wall -fno-common -MT presets.lo -MD -MP -MF .deps/presets.Tpo -c -o presets.lo presets.c

lame.c:1606:13: warning: using floating point absolute value function 'fabs' when argument is of integer type [-Wabsolute-value]
        if (NEQ(RadioGain, GAIN_NOT_ENOUGH_SAMPLES)) {
            ^
./machine.h:177:20: note: expanded from macro 'NEQ'
#define NEQ(a,b) (!EQ(a,b))
                   ^
./machine.h:170:12: note: expanded from macro 'EQ'
(fabs(a) > fabs(b)) \
           ^

lame.c:1606:13: note: use function 'abs' instead
./machine.h:177:20: 
note: expanded from macro 'NEQ'
#define NEQ(a,b) (!EQ(a,b))
                   ^
./machine.h:170:12: note: expanded from macro 'EQ'
(fabs(a) > fabs(b)) \
           ^

lame.c:1606:13: warning: using floating point absolute value function 'fabs' when argument is of integer type [-Wabsolute-value]

        if (NEQ(RadioGain, GAIN_NOT_ENOUGH_SAMPLES)) {
            ^
./machine.h:177:20: 
note: 
/bin/sh ../libtool  --tag=CC   --mode=compile /Users/jinglongcai/sdk/ndk/25.0.8775105/toolchains/llvm/prebuilt/darwin-x86_64/bin/x86_64-linux-android21-clang -DHAVE_CONFIG_H  -I. -I.. -I../include -I. -I../mpglib -I..    -O3 -Wall -pipe -fPIC -O2 -Wall -fno-common -MT psymodel.lo -MD -MP -MF .deps/psymodel.Tpo -c -o psymodel.lo psymodel.c

expanded from macro 'NEQ'


#define NEQ(a,b) (!EQ(a,b))
                   ^

./machine.h
:172
:23
: note: expanded from macro 'EQ'
 : (fabs((a)-(b)) <= (fabs(b) * 1e-6f)))
                      ^

lame.c:1606:13: note: use function 'abs' instead
./machine.h:177:20: note: expanded from macro 'NEQ'

#define NEQ(a,b) (!EQ(a,b))
                   ^
./machine.h:172:23: note: expanded from macro 'EQ'
 : (fabs((a)-(b)) <= (fabs(b) * 1e-6f)))

                      ^

libtool: compile:  /Users/jinglongcai/sdk/ndk/25.0.8775105/toolchains/llvm/prebuilt/darwin-x86_64/bin/x86_64-linux-android21-clang -DHAVE_CONFIG_H -I. -I.. -I../include -I. -I../mpglib -I.. -O3 -Wall -pipe -fPIC -O2 -Wall -fno-common -MT presets.lo -MD -MP -MF .deps/presets.Tpo -c presets.c  -fPIC -DPIC -o .libs/presets.o

libtool: compile:  /Users/jinglongcai/sdk/ndk/25.0.8775105/toolchains/llvm/prebuilt/darwin-x86_64/bin/x86_64-linux-android21-clang -DHAVE_CONFIG_H -I. -I.. -I../include -I. -I../mpglib -I.. -O3 -Wall -pipe -fPIC -O2 -Wall -fno-common -MT psymodel.lo -MD -MP -MF .deps/psymodel.Tpo -c psymodel.c  -fPIC -DPIC -o .libs/psymodel.o

presets.c:170:5: warning: using floating point absolute value function 'fabs' when argument is of integer type [-Wabsolute-value]
    SET_OPTION(quant_comp, set->quant_comp, -1);
    ^
presets.c:36:16: note: expanded from macro 'SET_OPTION'
    else if (!(fabs(lame_get_##opt(gfp) - def) > 0)) \
               ^

presets.c:170:5: note: use function 'abs' instead

presets.c:36:16: note: expanded from macro 'SET_OPTION'
    else if (!(fabs(lame_get_##opt(gfp) - def) > 0)) \
               ^

presets.c:171:5: warning: using floating point absolute value function 'fabs' when argument is of integer type [-Wabsolute-value]
    SET_OPTION(quant_comp_short, set->quant_comp_s, -1);
    ^
presets.c:36:16: note: expanded from macro 'SET_OPTION'
    else if (!(fabs(lame_get_##opt(gfp) - def) > 0)) \

               ^

presets.c:171:5: note: use function 'abs' instead
presets.c:36:16: note: expanded from macro 'SET_OPTION'

    else if (!(fabs(lame_get_##opt(gfp) - def) > 0)) \


               ^

presets.c:284:5: warning: using floating point absolute value function 'fabs' when argument is of integer type [-Wabsolute-value]
    SET_OPTION(quant_comp, abr_switch_map[r].quant_comp, -1);
    ^
presets.c:36:16: note: expanded from macro 'SET_OPTION'
    else if (!(fabs(lame_get_##opt(gfp) - def) > 0)) \
               ^
presets.c:284:5: note: use function 'abs' instead
presets.c:36:16: note: expanded from macro 'SET_OPTION'
    else if (!(fabs(lame_get_##opt(gfp) - def) > 0)) \
               ^

presets.c:285:5: warning: using floating point absolute value function 'fabs' when argument is of integer type [-Wabsolute-value]
    SET_OPTION(quant_comp_short, abr_switch_map[r].quant_comp_s, -1);
    ^
presets.c:36:16: note: expanded from macro 'SET_OPTION'
    else if (!(fabs(lame_get_##opt(gfp) - def) > 0)) \
               ^

presets.c:285:5: note: use function 'abs' instead
presets.c:36:16: note: expanded from macro 'SET_OPTION'
    else if (!(fabs(lame_get_##opt(gfp) - def) > 0)) \
               ^

libtool: compile:  /Users/jinglongcai/sdk/ndk/25.0.8775105/toolchains/llvm/prebuilt/darwin-x86_64/bin/x86_64-linux-android21-clang -DHAVE_CONFIG_H -I. -I.. -I../include -I. -I../mpglib -I.. -O3 -Wall -pipe -fPIC -O2 -Wall -fno-common -MT newmdct.lo -MD -MP -MF .deps/newmdct.Tpo -c newmdct.c -o newmdct.o >/dev/null 2>&1

4 warnings generated.

libtool: compile:  /Users/jinglongcai/sdk/ndk/25.0.8775105/toolchains/llvm/prebuilt/darwin-x86_64/bin/x86_64-linux-android21-clang -DHAVE_CONFIG_H -I. -I.. -I../include -I. -I../mpglib -I.. -O3 -Wall -pipe -fPIC -O2 -Wall -fno-common -MT presets.lo -MD -MP -MF .deps/presets.Tpo -c presets.c -o presets.o >/dev/null 2>&1

mv -f .deps/presets.Tpo .deps/presets.Plo

/bin/sh ../libtool  --tag=CC   --mode=compile /Users/jinglongcai/sdk/ndk/25.0.8775105/toolchains/llvm/prebuilt/darwin-x86_64/bin/x86_64-linux-android21-clang -DHAVE_CONFIG_H  -I. -I.. -I../include -I. -I../mpglib -I..    -O3 -Wall -pipe -fPIC -O2 -Wall -fno-common -MT quantize.lo -MD -MP -MF .deps/quantize.Tpo -c -o quantize.lo quantize.c

libtool: compile:  /Users/jinglongcai/sdk/ndk/25.0.8775105/toolchains/llvm/prebuilt/darwin-x86_64/bin/x86_64-linux-android21-clang -DHAVE_CONFIG_H -I. -I.. -I../include -I. -I../mpglib -I.. -O3 -Wall -pipe -fPIC -O2 -Wall -fno-common -MT bitstream.lo -MD -MP -MF .deps/bitstream.Tpo -c bitstream.c -o bitstream.o >/dev/null 2>&1

mv -f .deps/newmdct.Tpo .deps/newmdct.Plo

/bin/sh ../libtool  --tag=CC   --mode=compile /Users/jinglongcai/sdk/ndk/25.0.8775105/toolchains/llvm/prebuilt/darwin-x86_64/bin/x86_64-linux-android21-clang -DHAVE_CONFIG_H  -I. -I.. -I../include -I. -I../mpglib -I..    -O3 -Wall -pipe -fPIC -O2 -Wall -fno-common -MT quantize_pvt.lo -MD -MP -MF .deps/quantize_pvt.Tpo -c -o quantize_pvt.lo quantize_pvt.c

4 warnings generated.

libtool: compile:  /Users/jinglongcai/sdk/ndk/25.0.8775105/toolchains/llvm/prebuilt/darwin-x86_64/bin/x86_64-linux-android21-clang -DHAVE_CONFIG_H -I. -I.. -I../include -I. -I../mpglib -I.. -O3 -Wall -pipe -fPIC -O2 -Wall -fno-common -MT lame.lo -MD -MP -MF .deps/lame.Tpo -c lame.c -o lame.o >/dev/null 2>&1

libtool: compile:  /Users/jinglongcai/sdk/ndk/25.0.8775105/toolchains/llvm/prebuilt/darwin-x86_64/bin/x86_64-linux-android21-clang -DHAVE_CONFIG_H -I. -I.. -I../include -I. -I../mpglib -I.. -O3 -Wall -pipe -fPIC -O2 -Wall -fno-common -MT quantize.lo -MD -MP -MF .deps/quantize.Tpo -c quantize.c  -fPIC -DPIC -o .libs/quantize.o

libtool: compile:  /Users/jinglongcai/sdk/ndk/25.0.8775105/toolchains/llvm/prebuilt/darwin-x86_64/bin/x86_64-linux-android21-clang -DHAVE_CONFIG_H -I. -I.. -I../include -I. -I../mpglib -I.. -O3 -Wall -pipe -fPIC -O2 -Wall -fno-common -MT id3tag.lo -MD -MP -MF .deps/id3tag.Tpo -c id3tag.c -o id3tag.o >/dev/null 2>&1

libtool: compile:  /Users/jinglongcai/sdk/ndk/25.0.8775105/toolchains/llvm/prebuilt/darwin-x86_64/bin/x86_64-linux-android21-clang -DHAVE_CONFIG_H -I. -I.. -I../include -I. -I../mpglib -I.. -O3 -Wall -pipe -fPIC -O2 -Wall -fno-common -MT quantize_pvt.lo -MD -MP -MF .deps/quantize_pvt.Tpo -c quantize_pvt.c  -fPIC -DPIC -o .libs/quantize_pvt.o

libtool: compile:  /Users/jinglongcai/sdk/ndk/25.0.8775105/toolchains/llvm/prebuilt/darwin-x86_64/bin/x86_64-linux-android21-clang -DHAVE_CONFIG_H -I. -I.. -I../include -I. -I../mpglib -I.. -O3 -Wall -pipe -fPIC -O2 -Wall -fno-common -MT quantize_pvt.lo -MD -MP -MF .deps/quantize_pvt.Tpo -c quantize_pvt.c -o quantize_pvt.o >/dev/null 2>&1

mv -f .deps/lame.Tpo .deps/lame.Plo

/bin/sh ../libtool  --tag=CC   --mode=compile /Users/jinglongcai/sdk/ndk/25.0.8775105/toolchains/llvm/prebuilt/darwin-x86_64/bin/x86_64-linux-android21-clang -DHAVE_CONFIG_H  -I. -I.. -I../include -I. -I../mpglib -I..    -O3 -Wall -pipe -fPIC -O2 -Wall -fno-common -MT reservoir.lo -MD -MP -MF .deps/reservoir.Tpo -c -o reservoir.lo reservoir.c

libtool: compile:  /Users/jinglongcai/sdk/ndk/25.0.8775105/toolchains/llvm/prebuilt/darwin-x86_64/bin/x86_64-linux-android21-clang -DHAVE_CONFIG_H -I. -I.. -I../include -I. -I../mpglib -I.. -O3 -Wall -pipe -fPIC -O2 -Wall -fno-common -MT psymodel.lo -MD -MP -MF .deps/psymodel.Tpo -c psymodel.c -o psymodel.o >/dev/null 2>&1

mv -f .deps/bitstream.Tpo .deps/bitstream.Plo

/bin/sh ../libtool  --tag=CC   --mode=compile /Users/jinglongcai/sdk/ndk/25.0.8775105/toolchains/llvm/prebuilt/darwin-x86_64/bin/x86_64-linux-android21-clang -DHAVE_CONFIG_H  -I. -I.. -I../include -I. -I../mpglib -I..    -O3 -Wall -pipe -fPIC -O2 -Wall -fno-common -MT set_get.lo -MD -MP -MF .deps/set_get.Tpo -c -o set_get.lo set_get.c

libtool: compile:  /Users/jinglongcai/sdk/ndk/25.0.8775105/toolchains/llvm/prebuilt/darwin-x86_64/bin/x86_64-linux-android21-clang -DHAVE_CONFIG_H -I. -I.. -I../include -I. -I../mpglib -I.. -O3 -Wall -pipe -fPIC -O2 -Wall -fno-common -MT reservoir.lo -MD -MP -MF .deps/reservoir.Tpo -c reservoir.c  -fPIC -DPIC -o .libs/reservoir.o

mv -f .deps/quantize_pvt.Tpo .deps/quantize_pvt.Plo

/bin/sh ../libtool  --tag=CC   --mode=compile /Users/jinglongcai/sdk/ndk/25.0.8775105/toolchains/llvm/prebuilt/darwin-x86_64/bin/x86_64-linux-android21-clang -DHAVE_CONFIG_H  -I. -I.. -I../include -I. -I../mpglib -I..    -O3 -Wall -pipe -fPIC -O2 -Wall -fno-common -MT tables.lo -MD -MP -MF .deps/tables.Tpo -c -o tables.lo tables.c

libtool: compile:  /Users/jinglongcai/sdk/ndk/25.0.8775105/toolchains/llvm/prebuilt/darwin-x86_64/bin/x86_64-linux-android21-clang -DHAVE_CONFIG_H -I. -I.. -I../include -I. -I../mpglib -I.. -O3 -Wall -pipe -fPIC -O2 -Wall -fno-common -MT quantize.lo -MD -MP -MF .deps/quantize.Tpo -c quantize.c -o quantize.o >/dev/null 2>&1

libtool: compile:  /Users/jinglongcai/sdk/ndk/25.0.8775105/toolchains/llvm/prebuilt/darwin-x86_64/bin/x86_64-linux-android21-clang -DHAVE_CONFIG_H -I. -I.. -I../include -I. -I../mpglib -I.. -O3 -Wall -pipe -fPIC -O2 -Wall -fno-common -MT set_get.lo -MD -MP -MF .deps/set_get.Tpo -c set_get.c  -fPIC -DPIC -o .libs/set_get.o

libtool: compile:  /Users/jinglongcai/sdk/ndk/25.0.8775105/toolchains/llvm/prebuilt/darwin-x86_64/bin/x86_64-linux-android21-clang -DHAVE_CONFIG_H -I. -I.. -I../include -I. -I../mpglib -I.. -O3 -Wall -pipe -fPIC -O2 -Wall -fno-common -MT reservoir.lo -MD -MP -MF .deps/reservoir.Tpo -c reservoir.c -o reservoir.o >/dev/null 2>&1

mv -f .deps/id3tag.Tpo .deps/id3tag.Plo

/bin/sh ../libtool  --tag=CC   --mode=compile /Users/jinglongcai/sdk/ndk/25.0.8775105/toolchains/llvm/prebuilt/darwin-x86_64/bin/x86_64-linux-android21-clang -DHAVE_CONFIG_H  -I. -I.. -I../include -I. -I../mpglib -I..    -O3 -Wall -pipe -fPIC -O2 -Wall -fno-common -MT takehiro.lo -MD -MP -MF .deps/takehiro.Tpo -c -o takehiro.lo takehiro.c

set_get.c:1726:72: warning: using floating point absolute value function 'fabs' when argument is of integer type [-Wabsolute-value]
        assert((0 <= gfp->interChRatio && gfp->interChRatio <= 1.0) || EQ(gfp->interChRatio, -1));
                                                                       ^
./machine.h
:170:12: note: expanded from macro 'EQ'
(fabs(a) > fabs(b)) \
           ^

set_get.c:
1726
:72
: 
note: use function 'abs' instead

./machine.h:170:12: note: expanded from macro 'EQ'
(fabs(a) > fabs(b)) \
           ^

set_get.c:
1726
:72
: 
warning: using floating point absolute value function 'fabs' when argument is of integer type [-Wabsolute-value]

        assert((0 <= gfp->interChRatio && gfp->interChRatio <= 1.0) || EQ(gfp->interChRatio, -1));


                                                                       ^
./machine.h:172:23
: note: expanded from macro 'EQ'

 : (fabs((a)-(b)) <= (fabs(b) * 1e-6f)))
                      ^

set_get.c:
1726
:72:
 note: 
use function 'abs' instead

./machine.h
:172:23: note: expanded from macro 'EQ'
 : (fabs((a)-(b)) <= (fabs(b) * 1e-6f)))
                      ^

libtool: compile:  /Users/jinglongcai/sdk/ndk/25.0.8775105/toolchains/llvm/prebuilt/darwin-x86_64/bin/x86_64-linux-android21-clang -DHAVE_CONFIG_H -I. -I.. -I../include -I. -I../mpglib -I.. -O3 -Wall -pipe -fPIC -O2 -Wall -fno-common -MT tables.lo -MD -MP -MF .deps/tables.Tpo -c tables.c  -fPIC -DPIC -o .libs/tables.o

libtool: compile:  /Users/jinglongcai/sdk/ndk/25.0.8775105/toolchains/llvm/prebuilt/darwin-x86_64/bin/x86_64-linux-android21-clang -DHAVE_CONFIG_H -I. -I.. -I../include -I. -I../mpglib -I.. -O3 -Wall -pipe -fPIC -O2 -Wall -fno-common -MT takehiro.lo -MD -MP -MF .deps/takehiro.Tpo -c takehiro.c  -fPIC -DPIC -o .libs/takehiro.o

mv -f .deps/reservoir.Tpo .deps/reservoir.Plo

/bin/sh ../libtool  --tag=CC   --mode=compile /Users/jinglongcai/sdk/ndk/25.0.8775105/toolchains/llvm/prebuilt/darwin-x86_64/bin/x86_64-linux-android21-clang -DHAVE_CONFIG_H  -I. -I.. -I../include -I. -I../mpglib -I..    -O3 -Wall -pipe -fPIC -O2 -Wall -fno-common -MT util.lo -MD -MP -MF .deps/util.Tpo -c -o util.lo util.c

libtool: compile:  /Users/jinglongcai/sdk/ndk/25.0.8775105/toolchains/llvm/prebuilt/darwin-x86_64/bin/x86_64-linux-android21-clang -DHAVE_CONFIG_H -I. -I.. -I../include -I. -I../mpglib -I.. -O3 -Wall -pipe -fPIC -O2 -Wall -fno-common -MT tables.lo -MD -MP -MF .deps/tables.Tpo -c tables.c -o tables.o >/dev/null 2>&1

libtool: compile:  /Users/jinglongcai/sdk/ndk/25.0.8775105/toolchains/llvm/prebuilt/darwin-x86_64/bin/x86_64-linux-android21-clang -DHAVE_CONFIG_H -I. -I.. -I../include -I. -I../mpglib -I.. -O3 -Wall -pipe -fPIC -O2 -Wall -fno-common -MT util.lo -MD -MP -MF .deps/util.Tpo -c util.c  -fPIC -DPIC -o .libs/util.o

mv -f .deps/tables.Tpo .deps/tables.Plo

/bin/sh ../libtool  --tag=CC   --mode=compile /Users/jinglongcai/sdk/ndk/25.0.8775105/toolchains/llvm/prebuilt/darwin-x86_64/bin/x86_64-linux-android21-clang -DHAVE_CONFIG_H  -I. -I.. -I../include -I. -I../mpglib -I..    -O3 -Wall -pipe -fPIC -O2 -Wall -fno-common -MT vbrquantize.lo -MD -MP -MF .deps/vbrquantize.Tpo -c -o vbrquantize.lo vbrquantize.c

2 warnings generated.

libtool: compile:  /Users/jinglongcai/sdk/ndk/25.0.8775105/toolchains/llvm/prebuilt/darwin-x86_64/bin/x86_64-linux-android21-clang -DHAVE_CONFIG_H -I. -I.. -I../include -I. -I../mpglib -I.. -O3 -Wall -pipe -fPIC -O2 -Wall -fno-common -MT set_get.lo -MD -MP -MF .deps/set_get.Tpo -c set_get.c -o set_get.o >/dev/null 2>&1

libtool: compile:  /Users/jinglongcai/sdk/ndk/25.0.8775105/toolchains/llvm/prebuilt/darwin-x86_64/bin/x86_64-linux-android21-clang -DHAVE_CONFIG_H -I. -I.. -I../include -I. -I../mpglib -I.. -O3 -Wall -pipe -fPIC -O2 -Wall -fno-common -MT vbrquantize.lo -MD -MP -MF .deps/vbrquantize.Tpo -c vbrquantize.c  -fPIC -DPIC -o .libs/vbrquantize.o

libtool: compile:  /Users/jinglongcai/sdk/ndk/25.0.8775105/toolchains/llvm/prebuilt/darwin-x86_64/bin/x86_64-linux-android21-clang -DHAVE_CONFIG_H -I. -I.. -I../include -I. -I../mpglib -I.. -O3 -Wall -pipe -fPIC -O2 -Wall -fno-common -MT util.lo -MD -MP -MF .deps/util.Tpo -c util.c -o util.o >/dev/null 2>&1

libtool: compile:  /Users/jinglongcai/sdk/ndk/25.0.8775105/toolchains/llvm/prebuilt/darwin-x86_64/bin/x86_64-linux-android21-clang -DHAVE_CONFIG_H -I. -I.. -I../include -I. -I../mpglib -I.. -O3 -Wall -pipe -fPIC -O2 -Wall -fno-common -MT takehiro.lo -MD -MP -MF .deps/takehiro.Tpo -c takehiro.c -o takehiro.o >/dev/null 2>&1

mv -f .deps/set_get.Tpo .deps/set_get.Plo

/bin/sh ../libtool  --tag=CC   --mode=compile /Users/jinglongcai/sdk/ndk/25.0.8775105/toolchains/llvm/prebuilt/darwin-x86_64/bin/x86_64-linux-android21-clang -DHAVE_CONFIG_H  -I. -I.. -I../include -I. -I../mpglib -I..    -O3 -Wall -pipe -fPIC -O2 -Wall -fno-common -MT version.lo -MD -MP -MF .deps/version.Tpo -c -o version.lo version.c

mv -f .deps/util.Tpo .deps/util.Plo

/bin/sh ../libtool  --tag=CC   --mode=compile /Users/jinglongcai/sdk/ndk/25.0.8775105/toolchains/llvm/prebuilt/darwin-x86_64/bin/x86_64-linux-android21-clang -DHAVE_CONFIG_H  -I. -I.. -I../include -I. -I../mpglib -I..    -O3 -Wall -pipe -fPIC -O2 -Wall -fno-common -MT mpglib_interface.lo -MD -MP -MF .deps/mpglib_interface.Tpo -c -o mpglib_interface.lo mpglib_interface.c

mv -f .deps/quantize.Tpo .deps/quantize.Plo

libtool: compile:  /Users/jinglongcai/sdk/ndk/25.0.8775105/toolchains/llvm/prebuilt/darwin-x86_64/bin/x86_64-linux-android21-clang -DHAVE_CONFIG_H -I. -I.. -I../include -I. -I../mpglib -I.. -O3 -Wall -pipe -fPIC -O2 -Wall -fno-common -MT version.lo -MD -MP -MF .deps/version.Tpo -c version.c  -fPIC -DPIC -o .libs/version.o

mv -f .deps/psymodel.Tpo .deps/psymodel.Plo

libtool: compile:  /Users/jinglongcai/sdk/ndk/25.0.8775105/toolchains/llvm/prebuilt/darwin-x86_64/bin/x86_64-linux-android21-clang -DHAVE_CONFIG_H -I. -I.. -I../include -I. -I../mpglib -I.. -O3 -Wall -pipe -fPIC -O2 -Wall -fno-common -MT mpglib_interface.lo -MD -MP -MF .deps/mpglib_interface.Tpo -c mpglib_interface.c  -fPIC -DPIC -o .libs/mpglib_interface.o

libtool: compile:  /Users/jinglongcai/sdk/ndk/25.0.8775105/toolchains/llvm/prebuilt/darwin-x86_64/bin/x86_64-linux-android21-clang -DHAVE_CONFIG_H -I. -I.. -I../include -I. -I../mpglib -I.. -O3 -Wall -pipe -fPIC -O2 -Wall -fno-common -MT version.lo -MD -MP -MF .deps/version.Tpo -c version.c -o version.o >/dev/null 2>&1

libtool: compile:  /Users/jinglongcai/sdk/ndk/25.0.8775105/toolchains/llvm/prebuilt/darwin-x86_64/bin/x86_64-linux-android21-clang -DHAVE_CONFIG_H -I. -I.. -I../include -I. -I../mpglib -I.. -O3 -Wall -pipe -fPIC -O2 -Wall -fno-common -MT vbrquantize.lo -MD -MP -MF .deps/vbrquantize.Tpo -c vbrquantize.c -o vbrquantize.o >/dev/null 2>&1

mv -f .deps/version.Tpo .deps/version.Plo

mv -f .deps/takehiro.Tpo .deps/takehiro.Plo

libtool: compile:  /Users/jinglongcai/sdk/ndk/25.0.8775105/toolchains/llvm/prebuilt/darwin-x86_64/bin/x86_64-linux-android21-clang -DHAVE_CONFIG_H -I. -I.. -I../include -I. -I../mpglib -I.. -O3 -Wall -pipe -fPIC -O2 -Wall -fno-common -MT mpglib_interface.lo -MD -MP -MF .deps/mpglib_interface.Tpo -c mpglib_interface.c -o mpglib_interface.o >/dev/null 2>&1

mv -f .deps/mpglib_interface.Tpo .deps/mpglib_interface.Plo

mv -f .deps/vbrquantize.Tpo .deps/vbrquantize.Plo

/bin/sh ../libtool  --tag=CC   --mode=link /Users/jinglongcai/sdk/ndk/25.0.8775105/toolchains/llvm/prebuilt/darwin-x86_64/bin/x86_64-linux-android21-clang  -O3 -Wall -pipe -fPIC -O2 -Wall -fno-common -version-info 0:0 -export-symbols ../include/libmp3lame.sym -no-undefined  -o libmp3lame.la -rpath /Users/jinglongcai/code/MobiPkg/compile/example/http/lame/install/android/x86_64/lib VbrTag.lo bitstream.lo encoder.lo fft.lo gain_analysis.lo id3tag.lo lame.lo newmdct.lo presets.lo psymodel.lo quantize.lo quantize_pvt.lo reservoir.lo set_get.lo tables.lo takehiro.lo util.lo vbrquantize.lo version.lo mpglib_interface.lo  ../libmp3lame/vector/liblamevectorroutines.la ../mpglib/libmpgdecoder.la -lm 

libtool: link: echo "{ global:" > .libs/libmp3lame.ver

libtool: link:  cat ../include/libmp3lame.sym | sed -e "s/\(.*\)/\1;/" >> .libs/libmp3lame.ver

libtool: link:  echo "local: *; };" >> .libs/libmp3lame.ver

libtool: link:  /Users/jinglongcai/sdk/ndk/25.0.8775105/toolchains/llvm/prebuilt/darwin-x86_64/bin/x86_64-linux-android21-clang -shared  -fPIC -DPIC  .libs/VbrTag.o .libs/bitstream.o .libs/encoder.o .libs/fft.o .libs/gain_analysis.o .libs/id3tag.o .libs/lame.o .libs/newmdct.o .libs/presets.o .libs/psymodel.o .libs/quantize.o .libs/quantize_pvt.o .libs/reservoir.o .libs/set_get.o .libs/tables.o .libs/takehiro.o .libs/util.o .libs/vbrquantize.o .libs/version.o .libs/mpglib_interface.o  -Wl,--whole-archive ../libmp3lame/vector/.libs/liblamevectorroutines.a ../mpglib/.libs/libmpgdecoder.a -Wl,--no-whole-archive  -lm  -O3 -O2   -Wl,-soname -Wl,libmp3lame.so -Wl,-version-script -Wl,.libs/libmp3lame.ver -o .libs/libmp3lame.so

libtool: link: (cd .libs/libmp3lame.lax/liblamevectorroutines.a && /Users/jinglongcai/sdk/ndk/25.0.8775105/toolchains/llvm/prebuilt/darwin-x86_64/bin/llvm-ar x "/Users/jinglongcai/code/MobiPkg/compile/example/http/lame/source/lame/lame-3.100/libmp3lame/../libmp3lame/vector/.libs/liblamevectorroutines.a")

libtool: link: (cd .libs/libmp3lame.lax/libmpgdecoder.a && /Users/jinglongcai/sdk/ndk/25.0.8775105/toolchains/llvm/prebuilt/darwin-x86_64/bin/llvm-ar x "/Users/jinglongcai/code/MobiPkg/compile/example/http/lame/source/lame/lame-3.100/libmp3lame/../mpglib/.libs/libmpgdecoder.a")

libtool: link: /Users/jinglongcai/sdk/ndk/25.0.8775105/toolchains/llvm/prebuilt/darwin-x86_64/bin/llvm-ar cru .libs/libmp3lame.a  VbrTag.o bitstream.o encoder.o fft.o gain_analysis.o id3tag.o lame.o newmdct.o presets.o psymodel.o quantize.o quantize_pvt.o reservoir.o set_get.o tables.o takehiro.o util.o vbrquantize.o version.o mpglib_interface.o  .libs/libmp3lame.lax/liblamevectorroutines.a/xmm_quantize_sub.o  .libs/libmp3lame.lax/libmpgdecoder.a/common.o .libs/libmp3lame.lax/libmpgdecoder.a/dct64_i386.o .libs/libmp3lame.lax/libmpgdecoder.a/decode_i386.o .libs/libmp3lame.lax/libmpgdecoder.a/interface.o .libs/libmp3lame.lax/libmpgdecoder.a/layer1.o .libs/libmp3lame.lax/libmpgdecoder.a/layer2.o .libs/libmp3lame.lax/libmpgdecoder.a/layer3.o .libs/libmp3lame.lax/libmpgdecoder.a/tabinit.o 

libtool: link: /Users/jinglongcai/sdk/ndk/25.0.8775105/toolchains/llvm/prebuilt/darwin-x86_64/bin/llvm-ranlib .libs/libmp3lame.a

libtool: link: rm -fr .libs/libmp3lame.lax

libtool: link: ( cd ".libs" && rm -f "libmp3lame.la" && ln -s "../libmp3lame.la" "libmp3lame.la" )

Making all in frontend

/Users/jinglongcai/sdk/ndk/25.0.8775105/toolchains/llvm/prebuilt/darwin-x86_64/bin/x86_64-linux-android21-clang -DHAVE_CONFIG_H  -I. -I.. -I../libmp3lame -I../include -I..    -O3 -Wall -pipe -fPIC -O2 -Wall -fno-common     -MT lame_main.o -MD -MP -MF .deps/lame_main.Tpo -c -o lame_main.o lame_main.c

/Users/jinglongcai/sdk/ndk/25.0.8775105/toolchains/llvm/prebuilt/darwin-x86_64/bin/x86_64-linux-android21-clang -DHAVE_CONFIG_H  -I. -I.. -I../libmp3lame -I../include -I..    -O3 -Wall -pipe -fPIC -O2 -Wall -fno-common     -MT main.o -MD -MP -MF .deps/main.Tpo -c -o main.o main.c

/Users/jinglongcai/sdk/ndk/25.0.8775105/toolchains/llvm/prebuilt/darwin-x86_64/bin/x86_64-linux-android21-clang -DHAVE_CONFIG_H  -I. -I.. -I../libmp3lame -I../include -I..    -O3 -Wall -pipe -fPIC -O2 -Wall -fno-common     -MT brhist.o -MD -MP -MF .deps/brhist.Tpo -c -o brhist.o brhist.c

/Users/jinglongcai/sdk/ndk/25.0.8775105/toolchains/llvm/prebuilt/darwin-x86_64/bin/x86_64-linux-android21-clang -DHAVE_CONFIG_H  -I. -I.. -I../libmp3lame -I../include -I..    -O3 -Wall -pipe -fPIC -O2 -Wall -fno-common     -MT console.o -MD -MP -MF .deps/console.Tpo -c -o console.o console.c

/Users/jinglongcai/sdk/ndk/25.0.8775105/toolchains/llvm/prebuilt/darwin-x86_64/bin/x86_64-linux-android21-clang -DHAVE_CONFIG_H  -I. -I.. -I../libmp3lame -I../include -I..    -O3 -Wall -pipe -fPIC -O2 -Wall -fno-common     -MT get_audio.o -MD -MP -MF .deps/get_audio.Tpo -c -o get_audio.o get_audio.c

/Users/jinglongcai/sdk/ndk/25.0.8775105/toolchains/llvm/prebuilt/darwin-x86_64/bin/x86_64-linux-android21-clang -DHAVE_CONFIG_H  -I. -I.. -I../libmp3lame -I../include -I..    -O3 -Wall -pipe -fPIC -O2 -Wall -fno-common     -MT lametime.o -MD -MP -MF .deps/lametime.Tpo -c -o lametime.o lametime.c

get_audio.c:1268:41: warning: implicit conversion from 'int' to 'ieee754_float32_t' (aka 'float') changes value from 2147483647 to 2147483648 [-Wimplicit-const-int-float-conversion]
        ieee754_float32_t const m_max = INT_MAX;
                                ~~~~~   ^~~~~~~
/Volumes/SanDisk_2T/sdk/android/sdk/ndk/25.0.8775105/toolchains/llvm/prebuilt/darwin-x86_64/lib64/clang/14.0.6/include/limits.h:46:19: note: expanded from macro 'INT_MAX'
#define INT_MAX   __INT_MAX__
                  ^~~~~~~~~~~
<built-in>:44:21: note: expanded from here
#define __INT_MAX__ 2147483647
                    ^~~~~~~~~~

mv -f .deps/lametime.Tpo .deps/lametime.Po

get_audio.c:1367:18: warning: unused variable 'IFF_ID_MPEG' [-Wunused-const-variable]
static int const IFF_ID_MPEG = 0x4d504547; /* "MPEG" */
                 ^

mv -f .deps/main.Tpo .deps/main.Po

/Users/jinglongcai/sdk/ndk/25.0.8775105/toolchains/llvm/prebuilt/darwin-x86_64/bin/x86_64-linux-android21-clang -DHAVE_CONFIG_H  -I. -I.. -I../libmp3lame -I../include -I..    -O3 -Wall -pipe -fPIC -O2 -Wall -fno-common     -MT parse.o -MD -MP -MF .deps/parse.Tpo -c -o parse.o parse.c

/Users/jinglongcai/sdk/ndk/25.0.8775105/toolchains/llvm/prebuilt/darwin-x86_64/bin/x86_64-linux-android21-clang -DHAVE_CONFIG_H  -I. -I.. -I../libmp3lame -I../include -I..    -O3 -Wall -pipe -fPIC -O2 -Wall -fno-common     -MT timestatus.o -MD -MP -MF .deps/timestatus.Tpo -c -o timestatus.o timestatus.c

mv -f .deps/console.Tpo .deps/console.Po

mv -f .deps/brhist.Tpo .deps/brhist.Po

mv -f .deps/lame_main.Tpo .deps/lame_main.Po

mv -f .deps/timestatus.Tpo .deps/timestatus.Po

2 warnings generated.

mv -f .deps/get_audio.Tpo .deps/get_audio.Po

mv -f .deps/parse.Tpo .deps/parse.Po

/bin/sh ../libtool  --tag=CC   --mode=link /Users/jinglongcai/sdk/ndk/25.0.8775105/toolchains/llvm/prebuilt/darwin-x86_64/bin/x86_64-linux-android21-clang  -O3 -Wall -pipe -fPIC -O2 -Wall -fno-common      -static  -o lame lame_main.o main.o brhist.o console.o get_audio.o lametime.o parse.o timestatus.o ../libmp3lame/libmp3lame.la -lm 

libtool: link: /Users/jinglongcai/sdk/ndk/25.0.8775105/toolchains/llvm/prebuilt/darwin-x86_64/bin/x86_64-linux-android21-clang -O3 -Wall -pipe -fPIC -O2 -Wall -fno-common -o lame lame_main.o main.o brhist.o console.o get_audio.o lametime.o parse.o timestatus.o  ../libmp3lame/.libs/libmp3lame.a -lm

Making all in Dll

make[2]: Nothing to be done for `all'.

Making all in doc

Making all in html

make[3]: Nothing to be done for `all'.

Making all in man

make[3]: Nothing to be done for `all'.

make[3]: Nothing to be done for `all-am'.

Making all in include

make[2]: Nothing to be done for `all'.

Making all in misc

make[2]: Nothing to be done for `all'.

Making all in dshow

make[2]: Nothing to be done for `all'.

Making all in ACM

Making all in ADbg

make[3]: Nothing to be done for `all'.

Making all in ddk

make[3]: Nothing to be done for `all'.

Making all in tinyxml

make[3]: Nothing to be done for `all'.

make[3]: Nothing to be done for `all-am'.

Making all in mac

make[2]: Nothing to be done for `all'.

Making all in macosx

Making all in English.lproj

make[3]: Nothing to be done for `all'.

Making all in LAME.xcodeproj

make[3]: Nothing to be done for `all'.

make[3]: Nothing to be done for `all-am'.

Making all in vc_solution

make[2]: Nothing to be done for `all'.

make[2]: Nothing to be done for `all-am'.

$ make install

Making install in mpglib

make[2]: Nothing to be done for `install-exec-am'.
make[2]: Nothing to be done for `install-data-am'.

Making install in libmp3lame

Making install in i386

make[3]: Nothing to be done for `install-exec-am'.
make[3]: Nothing to be done for `install-data-am'.

Making install in vector

make[3]: Nothing to be done for `install-exec-am'.
make[3]: Nothing to be done for `install-data-am'.

 /usr/local/bin/gmkdir -p '/Users/jinglongcai/code/MobiPkg/compile/example/http/lame/install/android/x86_64/lib'

 /bin/sh ../libtool   --mode=install /usr/local/bin/ginstall -c   libmp3lame.la '/Users/jinglongcai/code/MobiPkg/compile/example/http/lame/install/android/x86_64/lib'

libtool: install: /usr/local/bin/ginstall -c .libs/libmp3lame.so /Users/jinglongcai/code/MobiPkg/compile/example/http/lame/install/android/x86_64/lib/libmp3lame.so

libtool: install: /usr/local/bin/ginstall -c .libs/libmp3lame.lai /Users/jinglongcai/code/MobiPkg/compile/example/http/lame/install/android/x86_64/lib/libmp3lame.la

libtool: install: /usr/local/bin/ginstall -c .libs/libmp3lame.a /Users/jinglongcai/code/MobiPkg/compile/example/http/lame/install/android/x86_64/lib/libmp3lame.a

libtool: install: chmod 644 /Users/jinglongcai/code/MobiPkg/compile/example/http/lame/install/android/x86_64/lib/libmp3lame.a

libtool: install: /Users/jinglongcai/sdk/ndk/25.0.8775105/toolchains/llvm/prebuilt/darwin-x86_64/bin/llvm-ranlib /Users/jinglongcai/code/MobiPkg/compile/example/http/lame/install/android/x86_64/lib/libmp3lame.a

make[3]: Nothing to be done for `install-data-am'.

Making install in frontend

 /usr/local/bin/gmkdir -p '/Users/jinglongcai/code/MobiPkg/compile/example/http/lame/install/android/x86_64/bin'

  /bin/sh ../libtool   --mode=install /usr/local/bin/ginstall -c lame '/Users/jinglongcai/code/MobiPkg/compile/example/http/lame/install/android/x86_64/bin'

libtool: install: /usr/local/bin/ginstall -c lame /Users/jinglongcai/code/MobiPkg/compile/example/http/lame/install/android/x86_64/bin/lame

make[2]: Nothing to be done for `install-data-am'.

Making install in Dll

make[2]: Nothing to be done for `install-exec-am'.
make[2]: Nothing to be done for `install-data-am'.

Making install in doc

Making install in html

make[3]: Nothing to be done for `install-exec-am'.

 /usr/local/bin/gmkdir -p '/Users/jinglongcai/code/MobiPkg/compile/example/http/lame/install/android/x86_64/share/doc/lame/html'

 /usr/local/bin/ginstall -c -m 644 about.html abr.html cbr.html contact.html contributors.html detailed.html history.html index.html introduction.html links.html list.html ms_stereo.html usage.html vbr.html '/Users/jinglongcai/code/MobiPkg/compile/example/http/lame/install/android/x86_64/share/doc/lame/html'

Making install in man

make[3]: Nothing to be done for `install-exec-am'.

 /usr/local/bin/gmkdir -p '/Users/jinglongcai/code/MobiPkg/compile/example/http/lame/install/android/x86_64/share/man/man1'

 /usr/local/bin/ginstall -c -m 644 lame.1 '/Users/jinglongcai/code/MobiPkg/compile/example/http/lame/install/android/x86_64/share/man/man1'

make[3]: Nothing to be done for `install-exec-am'.
make[3]: Nothing to be done for `install-data-am'.

Making install in include

make[2]: Nothing to be done for `install-exec-am'.

 /usr/local/bin/gmkdir -p '/Users/jinglongcai/code/MobiPkg/compile/example/http/lame/install/android/x86_64/include/lame'

 /usr/local/bin/ginstall -c -m 644 lame.h '/Users/jinglongcai/code/MobiPkg/compile/example/http/lame/install/android/x86_64/include/lame'

Making install in misc

make[2]: Nothing to be done for `install-exec-am'.
make[2]: Nothing to be done for `install-data-am'.

Making install in dshow

make[2]: Nothing to be done for `install-exec-am'.
make[2]: Nothing to be done for `install-data-am'.

Making install in ACM

Making install in ADbg

make[3]: Nothing to be done for `install-exec-am'.
make[3]: Nothing to be done for `install-data-am'.

Making install in ddk

make[3]: Nothing to be done for `install-exec-am'.
make[3]: Nothing to be done for `install-data-am'.

Making install in tinyxml

make[3]: Nothing to be done for `install-exec-am'.
make[3]: Nothing to be done for `install-data-am'.

make[3]: Nothing to be done for `install-exec-am'.
make[3]: Nothing to be done for `install-data-am'.

Making install in mac

make[2]: Nothing to be done for `install-exec-am'.
make[2]: Nothing to be done for `install-data-am'.

Making install in macosx

Making install in English.lproj

make[3]: Nothing to be done for `install-exec-am'.
make[3]: Nothing to be done for `install-data-am'.

Making install in LAME.xcodeproj

make[3]: Nothing to be done for `install-exec-am'.
make[3]: Nothing to be done for `install-data-am'.

make[3]: Nothing to be done for `install-exec-am'.
make[3]: Nothing to be done for `install-data-am'.

Making install in vc_solution

make[2]: Nothing to be done for `install-exec-am'.
make[2]: Nothing to be done for `install-data-am'.

make[2]: Nothing to be done for `install-exec-am'.
make[2]: Nothing to be done for `install-data-am'.

$ /Users/jinglongcai/sdk/ndk/25.0.8775105/toolchains/llvm/prebuilt/darwin-x86_64/bin/llvm-strip /Users/jinglongcai/code/MobiPkg/compile/example/http/lame/install/android/x86_64/lib/libmp3lame.so

