$ ./configure-cmake

CMake Deprecation Warning at CMakeLists.txt:5 (cmake_minimum_required):
  Compatibility with CMake < 2.8.12 will be removed from a future version of
  CMake.

  Update the VERSION argument <min> value or use a ...<max> suffix to tell
  CMake that the project does not need compatibility with older versions.



-- Build type is 'Debug'

-- Compiler is not EMSCRIPTEN

-- Configuring done (0.1s)

CMake Warning (dev):
  Policy CMP0042 is not set: MACOSX_RPATH is enabled by default.  Run "cmake
  --help-policy CMP0042" for policy details.  Use the cmake_policy command to
  set the policy and suppress this warning.

  MACOSX_RPATH is not specified for the following targets:

   brotlicommon
   brotlidec
   brotlienc

This warning is for project developers.  Use -Wno-dev to suppress it.


-- Generating done (0.1s)

-- Build files have been written to: /Users/jinglongcai/code/MobiPkg/compile/logs/libs/brotli/source/brotli

/Applications/Xcode.app/Contents/Developer/Platforms/iPhoneOS.platform/Developer/SDKs/iPhoneOS16.0.sdk

/Applications/Xcode.app/Contents/Developer/Platforms/iPhoneOS.platform/Developer/SDKs/iPhoneOS16.0.sdk

/Applications/Xcode.app/Contents/Developer/Platforms/iPhoneOS.platform/Developer/SDKs/iPhoneOS16.0.sdk

/Applications/Xcode.app/Contents/Developer/Platforms/iPhoneOS.platform/Developer/SDKs/iPhoneOS16.0.sdk

/Applications/Xcode.app/Contents/Developer/Platforms/iPhoneOS.platform/Developer/SDKs/iPhoneOS16.0.sdk

/Applications/Xcode.app/Contents/Developer/Platforms/iPhoneOS.platform/Developer/SDKs/iPhoneOS16.0.sdk

/Applications/Xcode.app/Contents/Developer/Platforms/iPhoneOS.platform/Developer/SDKs/iPhoneOS16.0.sdk

/Applications/Xcode.app/Contents/Developer/Platforms/iPhoneOS.platform/Developer/SDKs/iPhoneOS16.0.sdk

/Applications/Xcode.app/Contents/Developer/Platforms/iPhoneOS.platform/Developer/SDKs/iPhoneOS16.0.sdk

/Applications/Xcode.app/Contents/Developer/Platforms/iPhoneOS.platform/Developer/SDKs/iPhoneOS16.0.sdk

/Applications/Xcode.app/Contents/Developer/Platforms/iPhoneOS.platform/Developer/SDKs/iPhoneOS16.0.sdk

/Applications/Xcode.app/Contents/Developer/Platforms/iPhoneOS.platform/Developer/SDKs/iPhoneOS16.0.sdk

/Applications/Xcode.app/Contents/Developer/Platforms/iPhoneOS.platform/Developer/SDKs/iPhoneOS16.0.sdk

$ cmake -DCMAKE_SYSTEM_NAME=iOS -DCMAKE_OSX_ARCHITECTURES=arm64 -DCMAKE_SYSTEM_PROCESSOR=arm64 -DCMAKE_TOOLCHAIN_FILE=/Users/jinglongcai/code/MobiPkg/compile/logs/libs/brotli/source/toolchain/arm64/ios.toolchain.cmake -DCMAKE_INSTALL_PREFIX=/Users/jinglongcai/code/MobiPkg/compile/logs/libs/brotli/install/ios/arm64 -DCMAKE_BUILD_TYPE=Release "-DCMAKE_C_FLAGS_RELEASE=-I/Applications/Xcode.app/Contents/Developer/Platforms/iPhoneOS.platform/Developer/SDKs/iPhoneOS16.0.sdk/usr/include -L/Applications/Xcode.app/Contents/Developer/Platforms/iPhoneOS.platform/Developer/SDKs/iPhoneOS16.0.sdk/usr/lib -fPIC -O2 -Wall" "-DCMAKE_CXX_FLAGS_RELEASE=-I/Applications/Xcode.app/Contents/Developer/Platforms/iPhoneOS.platform/Developer/SDKs/iPhoneOS16.0.sdk/usr/include -L/Applications/Xcode.app/Contents/Developer/Platforms/iPhoneOS.platform/Developer/SDKs/iPhoneOS16.0.sdk/usr/lib -fPIC -O2 -Wall" -DCMAKE_EXE_LINKER_FLAGS_RELEASE=-L/Applications/Xcode.app/Contents/Developer/Platforms/iPhoneOS.platform/Developer/SDKs/iPhoneOS16.0.sdk/usr/lib -S /Users/jinglongcai/code/MobiPkg/compile/logs/libs/brotli/source/brotli -B /Users/jinglongcai/code/MobiPkg/compile/logs/libs/brotli/build/ios/arm64 -G Ninja

CMake Deprecation Warning at CMakeLists.txt:5 (cmake_minimum_required):
  Compatibility with CMake < 2.8.12 will be removed from a future version of
  CMake.

  Update the VERSION argument <min> value or use a ...<max> suffix to tell
  CMake that the project does not need compatibility with older versions.



-- The C compiler identification is AppleClang 14.0.0.14000029

-- Detecting C compiler ABI info

-- Detecting C compiler ABI info - done

-- Check for working C compiler: /usr/bin/xcrun - skipped

-- Detecting C compile features

-- Detecting C compile features - done

-- Build type is 'Release'

-- Performing Test BROTLI_EMSCRIPTEN

-- Performing Test BROTLI_EMSCRIPTEN - Failed

-- Compiler is not EMSCRIPTEN

-- Looking for log2

-- Looking for log2 - found

CMake Error at CMakeLists.txt:224 (install):
  install TARGETS given no BUNDLE DESTINATION for MACOSX_BUNDLE executable
  target "brotli".



-- Configuring incomplete, errors occurred!

