$ ./configure-cmake

CMake Deprecation Warning at CMakeLists.txt:5 (cmake_minimum_required):
  Compatibility with CMake < 2.8.12 will be removed from a future version of
  CMake.

  Update the VERSION argument <min> value or use a ...<max> suffix to tell
  CMake that the project does not need compatibility with older versions.



-- Build type is 'Debug'

-- Compiler is not EMSCRIPTEN

-- Configuring done (0.1s)

CMake Warning (dev):
  Policy CMP0042 is not set: MACOSX_RPATH is enabled by default.  Run "cmake
  --help-policy CMP0042" for policy details.  Use the cmake_policy command to
  set the policy and suppress this warning.

  MACOSX_RPATH is not specified for the following targets:

   brotlicommon
   brotlidec
   brotlienc

This warning is for project developers.  Use -Wno-dev to suppress it.


-- Generating done (0.1s)

-- Build files have been written to: /Users/jinglongcai/code/MobiPkg/compile/logs/libs/brotli/source/brotli

