/Applications/Xcode.app/Contents/Developer/Platforms/iPhoneOS.platform/Developer/SDKs/iPhoneOS13.2.sdk

$ cmake -DCMAKE_SYSTEM_NAME=iOS -DCMAKE_OSX_ARCHITECTURES=arm64 -DCMAKE_SYSTEM_PROCESSOR=arm64 -DCMAKE_TOOLCHAIN_FILE=/Volumes/Samsung-T5/code/MobiPkg/Compile/logs/libs/pcre2/source/toolchain/arm64/ios.toolchain.cmake -DCMAKE_INSTALL_PREFIX=/Volumes/Samsung-T5/code/MobiPkg/Compile/logs/libs/pcre2/install/ios/arm64 -DCMAKE_BUILD_TYPE=Release "-DCMAKE_C_FLAGS_RELEASE=-fPIC -O2 -Wall" "-DCMAKE_CXX_FLAGS_RELEASE=-fPIC -O2 -Wall" -S /Volumes/Samsung-T5/code/MobiPkg/Compile/logs/libs/pcre2/source/pcre2/pcre2-10.42 -B /Volumes/Samsung-T5/code/MobiPkg/Compile/logs/libs/pcre2/build/ios/arm64 -G Ninja

-- The C compiler identification is AppleClang 11.0.0.11000033

-- Detecting C compiler ABI info

-- Detecting C compiler ABI info - done

-- Check for working C compiler: /usr/bin/xcrun - skipped

-- Detecting C compile features

-- Detecting C compile features - done

-- Found BZip2: /Applications/Xcode.app/Contents/Developer/Platforms/iPhoneOS.platform/Developer/SDKs/iPhoneOS13.2.sdk/usr/lib/libbz2.tbd (found version "1.0.6") 

-- Looking for BZ2_bzCompressInit

-- Looking for BZ2_bzCompressInit - found

-- Found ZLIB: /Applications/Xcode.app/Contents/Developer/Platforms/iPhoneOS.platform/Developer/SDKs/iPhoneOS13.2.sdk/usr/lib/libz.tbd (found version "1.2.11")  

-- Could not find OPTIONAL package Readline

-- Could not find OPTIONAL package Editline

-- Looking for dirent.h

-- Looking for dirent.h - found

-- Looking for sys/stat.h

-- Looking for sys/stat.h - found

-- Looking for sys/types.h

-- Looking for sys/types.h - found

-- Looking for unistd.h

-- Looking for unistd.h - found

-- Looking for windows.h

-- Looking for windows.h - not found

-- Looking for bcopy

-- Looking for bcopy - found

-- Looking for memfd_create

-- Looking for memfd_create - not found

-- Looking for memmove

-- Looking for memmove - found

-- Looking for secure_getenv

-- Looking for secure_getenv - not found

-- Looking for strerror

-- Looking for strerror - found

-- Performing Test HAVE_REALPATH

-- Performing Test HAVE_REALPATH - Success

-- Performing Test HAVE_ATTRIBUTE_UNINITIALIZED

-- Performing Test HAVE_ATTRIBUTE_UNINITIALIZED - Success

-- Performing Test INTEL_CET_ENABLED

-- Performing Test INTEL_CET_ENABLED - Failed

CMake Error at CMakeLists.txt:1077 (INSTALL):
  INSTALL TARGETS given no BUNDLE DESTINATION for MACOSX_BUNDLE executable
  target "pcre2grep".



-- 
-- 
-- PCRE2-10.42 configuration summary:
-- 
--   Install prefix .................. : /Volumes/Samsung-T5/code/MobiPkg/Compile/logs/libs/pcre2/install/ios/arm64
--   C compiler ...................... : /usr/bin/xcrun
--   C compiler flags ................ : -fPIC -O2 -Wall -fPIC -O2 -Wall
-- 
--   Build 8 bit PCRE2 library ....... : ON
--   Build 16 bit PCRE2 library ...... : OFF
--   Build 32 bit PCRE2 library ...... : OFF
--   Enable JIT compiling support .... : OFF
--   Use SELinux allocator in JIT .... : IGNORE
--   Enable Unicode support .......... : ON
--   Newline char/sequence ........... : LF
--   \R matches only ANYCRLF ......... : OFF

--   \C is disabled .................. : OFF
--   EBCDIC coding ................... : OFF
--   EBCDIC coding with NL=0x25 ...... : OFF
--   Rebuild char tables ............. : OFF
--   Internal link size .............. : 2
--   Parentheses nest limit .......... : 250
--   Heap limit ...................... : 20000000
--   Match limit ..................... : 10000000
--   Match depth limit ............... : MATCH_LIMIT
--   Build shared libs ............... : OFF
--   Build static libs ............... : ON
--      with PIC enabled ............. : OFF
--   Build pcre2grep ................. : ON
--   Enable JIT in pcre2grep ......... : ON
--   Enable callouts in pcre2grep .... : ON
--   Enable callout fork in pcre2grep. : ON
--   Buffer size for pcre2grep ....... : 20480
--   Build tests (implies pcre2test .. : ON
--                and pcre2grep)
--   Link pcre2grep with libz ........ : ON
--   Link pcre2grep with libbz2 ...... : ON
--   Link pcre2test with libeditline . : Library not found
--   Link pcre2test with libreadline . : Library not found
--   Support Valgrind .................: OFF
--   Use %zu and %td ..................: AUTO
-- 

-- Configuring incomplete, errors occurred!

