$ wget https://github.com/google/snappy/archive/1.1.10.tar.gz -O /var/folders/j9/tzsdthv16qlcbwkr1pk76hjw0000gn/T/download/1681997362817

--2023-04-20 21:29:22--  https://github.com/google/snappy/archive/1.1.10.tar.gz

正在连接 127.0.0.1:7890... 
已连接。

已发出 Proxy 请求，正在等待回应... 
302 Found

位置：https://codeload.github.com/google/snappy/tar.gz/refs/tags/1.1.10 [跟随至新的 URL]
--2023-04-20 21:29:23--  https://codeload.github.com/google/snappy/tar.gz/refs/tags/1.1.10
正在连接 127.0.0.1:7890... 
已连接。

已发出 Proxy 请求，正在等待回应... 
200 OK
长度：1105312 (1.1M) [application/x-gzip]

正在保存至: “/var/folders/j9/tzsdthv16qlcbwkr1pk76hjw0000gn/T/download/1681997362817”


     0K ......
.... .
.
......
..
 ..
.....
... ....
.
....
. ..
......
..  4%  477K 2s

    50K .
........
. .......
... ..
........
 .........
. .....
.....  9%  670K 2s
   100K ..
........
 ........
.. ......
.... ..
........
 ........
.. 13%  648K 2s
   150K .....
..... ...
....... .
........
. .......
... .....
..... 18%  695K 1s
   200K ..
......
..
 ....
...... ..
........
 ......
..
.. ....
...... 23% 2.11M 1s
   250K ..
........
 ........
.. ......
.... ....
...
... .....
..... 27%  643K 1s
   300K ...
.
...... .
........
. .......
... .....
..... ...
....... 32%  547K 1s
   350K .
........
. .......
... .....
..... ...
.......
 ........
.. 37%  538K 1s
   400K ......
.... ....
...... .
........
. ....
...
... .....
..... 41%  561K 1s
   450K ...
....... ..
........
 ......
.... ....
...... ..
........ 46% 5.19M 1s

   500K ........
.. .....
.
.... ....
...... ..
........
 ........
.. 50%  500K 1s
   550K ......
.... ....
...... .
........
. .......
... .....
..... 55%  588K 1s
   600K ...
....... .
........
. .......
... .....
..... ...
......
. 60%  289K 1s
   650K ......
.
... .....
..... ...
....... .
........
. .....
..
... 64%  407K 1s
   700K .....
..... ...
....... .
........
. ......
.... ..
..
...... 69% 2.03M 1s
   750K ..
......
..
 ........
.. ......
.... ....
...... ..
........ 74%  506K 0s

   800K ........
.. ......
.... ....
......
 ........
.. .......
... 78%  639K 0s
   850K .....
..... ...
.......
 ........
.. ......
.... ....
....
.. 83%  557K 0s
   900K ..
...
..... .......... .
......... ...
....... .........
. 88%  582K 0s
   950K .......... .....
...
.. .......... ....
...... .......
... 92% 2.69M 0s
  1000K .......... ...
....... .........
. .......... .....
..... 97%  672K 0s
  1050K .......... .
......... .........                       100% 4.33M=1.7s


2023-04-20 21:29:25 (647 KB/s) - 已保存 “/var/folders/j9/tzsdthv16qlcbwkr1pk76hjw0000gn/T/download/1681997362817” [1105312/1105312])


$ tar -zxvf /var/folders/j9/tzsdthv16qlcbwkr1pk76hjw0000gn/T/download/1681997362817 -C /Volumes/Samsung-T5/code/MobiPkg/Compile/logs/libs/snappy/source/snappy

x snappy-1.1.10/
x snappy-1.1.10/.github/

x snappy-1.1.10/.github/workflows/
x snappy-1.1.10/.github/workflows/build.yml

x snappy-1.1.10/.gitignore

x snappy-1.1.10/.gitmodules

x snappy-1.1.10/AUTHORS

x snappy-1.1.10/CMakeLists.txt

x snappy-1.1.10/CONTRIBUTING.md

x snappy-1.1.10/COPYING

x snappy-1.1.10/NEWS

x snappy-1.1.10/README.md
x snappy-1.1.10/cmake/

x snappy-1.1.10/cmake/SnappyConfig.cmake.in
x snappy-1.1.10/cmake/config.h.in

x snappy-1.1.10/docs/
x snappy-1.1.10/docs/README.md
x snappy-1.1.10/format_description.txt
x snappy-1.1.10/framing_format.txt

x snappy-1.1.10/snappy-c.cc

x snappy-1.1.10/snappy-c.h
x snappy-1.1.10/snappy-internal.h
x snappy-1.1.10/snappy-sinksource.cc

x snappy-1.1.10/snappy-sinksource.h
x snappy-1.1.10/snappy-stubs-internal.cc
x snappy-1.1.10/snappy-stubs-internal.h

x snappy-1.1.10/snappy-stubs-public.h.in

x snappy-1.1.10/snappy-test.cc

x snappy-1.1.10/snappy-test.h
x snappy-1.1.10/snappy.cc

x snappy-1.1.10/snappy.h

x snappy-1.1.10/snappy_benchmark.cc
x snappy-1.1.10/snappy_compress_fuzzer.cc

x snappy-1.1.10/snappy_test_data.cc
x snappy-1.1.10/snappy_test_data.h

x snappy-1.1.10/snappy_test_tool.cc
x snappy-1.1.10/snappy_uncompress_fuzzer.cc

x snappy-1.1.10/snappy_unittest.cc

x snappy-1.1.10/testdata/
x snappy-1.1.10/testdata/alice29.txt

x snappy-1.1.10/testdata/asyoulik.txt

x snappy-1.1.10/testdata/baddata1.snappy

x snappy-1.1.10/testdata/baddata2.snappy

x snappy-1.1.10/testdata/baddata3.snappy
x snappy-1.1.10/testdata/fireworks.jpeg

x snappy-1.1.10/testdata/geo.protodata

x snappy-1.1.10/testdata/html
x snappy-1.1.10/testdata/html_x_4

x snappy-1.1.10/testdata/kppkn.gtb

x snappy-1.1.10/testdata/lcet10.txt

x snappy-1.1.10/testdata/paper-100k.pdf

x snappy-1.1.10/testdata/plrabn12.txt

x snappy-1.1.10/testdata/urls.10K

x snappy-1.1.10/third_party/

x snappy-1.1.10/third_party/benchmark/

x snappy-1.1.10/third_party/googletest/


$ cmake -DANDROID_NATIVE_API_LEVEL=21 -DANDROID_ABI=armeabi-v7a -DCMAKE_TOOLCHAIN_FILE=/Volumes/Samsung-T5/sdk/android/ndk/25.2.9519653/build/cmake/android.toolchain.cmake -DCMAKE_INSTALL_PREFIX=/Volumes/Samsung-T5/code/MobiPkg/Compile/logs/libs/snappy/install/android/armeabi-v7a -DCMAKE_BUILD_TYPE=Release "-DCMAKE_C_FLAGS_RELEASE=-fPIC -O2 -Wall" "-DCMAKE_CXX_FLAGS_RELEASE=-fPIC -O2 -Wall" -S /Volumes/Samsung-T5/code/MobiPkg/Compile/logs/libs/snappy/source/snappy/snappy-1.1.10 -B /Volumes/Samsung-T5/code/MobiPkg/Compile/logs/libs/snappy/build/android/armeabi-v7a -G Ninja

-- The C compiler identification is Clang 14.0.7

-- The CXX compiler identification is Clang 14.0.7

-- Detecting C compiler ABI info

-- Detecting C compiler ABI info - done

-- Check for working C compiler: /Volumes/Samsung-T5/sdk/android/ndk/25.2.9519653/toolchains/llvm/prebuilt/darwin-x86_64/bin/clang - skipped

-- Detecting C compile features

-- Detecting C compile features - done

-- Detecting CXX compiler ABI info

-- Detecting CXX compiler ABI info - done

-- Check for working CXX compiler: /Volumes/Samsung-T5/sdk/android/ndk/25.2.9519653/toolchains/llvm/prebuilt/darwin-x86_64/bin/clang++ - skipped

-- Detecting CXX compile features

-- Detecting CXX compile features - done

-- Looking for sys/mman.h

-- Looking for sys/mman.h - found

-- Looking for sys/resource.h

-- Looking for sys/resource.h - found

-- Looking for sys/time.h

-- Looking for sys/time.h - found

-- Looking for sys/uio.h

-- Looking for sys/uio.h - found

-- Looking for unistd.h

-- Looking for unistd.h - found

-- Looking for windows.h

-- Looking for windows.h - not found

-- Looking for zlibVersion in z

-- Looking for zlibVersion in z - found

-- Looking for lzo1x_1_15_compress in lzo2

-- Looking for lzo1x_1_15_compress in lzo2 - not found
-- Looking for LZ4_compress_default in lz4

-- Looking for LZ4_compress_default in lz4 - not found

-- Performing Test HAVE_VISUAL_STUDIO_ARCH_AVX

-- Performing Test HAVE_VISUAL_STUDIO_ARCH_AVX - Failed

-- Performing Test HAVE_VISUAL_STUDIO_ARCH_AVX2

-- Performing Test HAVE_VISUAL_STUDIO_ARCH_AVX2 - Failed

-- Performing Test HAVE_CLANG_MAVX

-- Performing Test HAVE_CLANG_MAVX - Success

-- Performing Test HAVE_CLANG_MBMI2

-- Performing Test HAVE_CLANG_MBMI2 - Success

-- Performing Test SNAPPY_HAVE_NO_MISSING_FIELD_INITIALIZERS

-- Performing Test SNAPPY_HAVE_NO_MISSING_FIELD_INITIALIZERS - Success

-- Performing Test HAVE_BUILTIN_EXPECT

-- Performing Test HAVE_BUILTIN_EXPECT - Success

-- Performing Test HAVE_BUILTIN_CTZ

-- Performing Test HAVE_BUILTIN_CTZ - Success
-- Performing Test HAVE_ATTRIBUTE_ALWAYS_INLINE

-- Performing Test HAVE_ATTRIBUTE_ALWAYS_INLINE - Success

-- Performing Test SNAPPY_HAVE_SSSE3

-- Performing Test SNAPPY_HAVE_SSSE3 - Failed

-- Performing Test SNAPPY_HAVE_X86_CRC32

-- Performing Test SNAPPY_HAVE_X86_CRC32 - Failed

-- Performing Test SNAPPY_HAVE_NEON_CRC32

-- Performing Test SNAPPY_HAVE_NEON_CRC32 - Failed

-- Performing Test SNAPPY_HAVE_BMI2

-- Performing Test SNAPPY_HAVE_BMI2 - Failed

-- Performing Test SNAPPY_HAVE_NEON

-- Performing Test SNAPPY_HAVE_NEON - Success

-- Looking for mmap

-- Looking for mmap - found

-- Looking for sysconf

-- Looking for sysconf - found

CMake Error at CMakeLists.txt:316 (add_subdirectory):
  The source directory

    /Volumes/Samsung-T5/code/MobiPkg/Compile/logs/libs/snappy/source/snappy/snappy-1.1.10/third_party/googletest

  does not contain a CMakeLists.txt file.


CMake Error at CMakeLists.txt:320 (set_property):
  set_property could not find TARGET gtest.  Perhaps it has not yet been
  created.


CMake Error at CMakeLists.txt:322 (set_property):
  set_property could not find TARGET gmock.  Perhaps it has not yet been
  created.



CMake Error at CMakeLists.txt:357 (add_subdirectory):
  The source directory

    /Volumes/Samsung-T5/code/MobiPkg/Compile/logs/libs/snappy/source/snappy/snappy-1.1.10/third_party/benchmark

  does not contain a CMakeLists.txt file.



-- Configuring incomplete, errors occurred!

