$ cmake -DANDROID_NATIVE_API_LEVEL=21 -DANDROID_ABI=armeabi-v7a -DCMAKE_TOOLCHAIN_FILE=/Volumes/Samsung-T5/sdk/android/ndk/25.2.9519653/build/cmake/android.toolchain.cmake -DCMAKE_INSTALL_PREFIX=/Volumes/Samsung-T5/code/MobiPkg/Compile/logs/libs/pcre2/install/android/armeabi-v7a -DCMAKE_BUILD_TYPE=Release "-DCMAKE_C_FLAGS_RELEASE=-fPIC -O2 -Wall" "-DCMAKE_CXX_FLAGS_RELEASE=-fPIC -O2 -Wall" -S /Volumes/Samsung-T5/code/MobiPkg/Compile/logs/libs/pcre2/source/pcre2/pcre2-10.42 -B /Volumes/Samsung-T5/code/MobiPkg/Compile/logs/libs/pcre2/build/android/armeabi-v7a -G Ninja

-- The C compiler identification is Clang 14.0.7

-- Detecting C compiler ABI info

-- Detecting C compiler ABI info - done

-- Check for working C compiler: /Volumes/Samsung-T5/sdk/android/ndk/25.2.9519653/toolchains/llvm/prebuilt/darwin-x86_64/bin/clang - skipped

-- Detecting C compile features

-- Detecting C compile features - done

-- Could NOT find BZip2 (missing: BZIP2_LIBRARIES BZIP2_INCLUDE_DIR) 

-- Found ZLIB: /Volumes/Samsung-T5/sdk/android/ndk/25.2.9519653/toolchains/llvm/prebuilt/darwin-x86_64/sysroot/usr/lib/arm-linux-androideabi/21/libz.so (found version "1.2.12")  

-- Could not find OPTIONAL package Readline

-- Could not find OPTIONAL package Editline

-- Looking for dirent.h

-- Looking for dirent.h - found

-- Looking for sys/stat.h

-- Looking for sys/stat.h - found

-- Looking for sys/types.h

-- Looking for sys/types.h - found

-- Looking for unistd.h

-- Looking for unistd.h - found

-- Looking for windows.h

-- Looking for windows.h - not found

-- Looking for bcopy

-- Looking for bcopy - found

-- Looking for memfd_create

-- Looking for memfd_create - not found

-- Looking for memmove

-- Looking for memmove - found

-- Looking for secure_getenv

-- Looking for secure_getenv - not found

-- Looking for strerror

-- Looking for strerror - found

-- Performing Test HAVE_REALPATH

-- Performing Test HAVE_REALPATH - Success

-- Performing Test HAVE_ATTRIBUTE_UNINITIALIZED

-- Performing Test HAVE_ATTRIBUTE_UNINITIALIZED - Success

-- Performing Test INTEL_CET_ENABLED

-- Performing Test INTEL_CET_ENABLED - Failed

-- 
-- 
-- PCRE2-10.42 configuration summary:
-- 
--   Install prefix .................. : /Volumes/Samsung-T5/code/MobiPkg/Compile/logs/libs/pcre2/install/android/armeabi-v7a
--   C compiler ...................... : /Volumes/Samsung-T5/sdk/android/ndk/25.2.9519653/toolchains/llvm/prebuilt/darwin-x86_64/bin/clang
--   C compiler flags ................ : -g -DANDROID -fdata-sections -ffunction-sections -funwind-tables -fstack-protector-strong -no-canonical-prefixes -D_FORTIFY_SOURCE=2 -march=armv7-a -mthumb -Wformat -Werror=format-security  -O3 -DNDEBUG -fPIC -O2 -Wall
-- 
--   Build 8 bit PCRE2 library ....... : ON
--   Build 16 bit PCRE2 library ...... : OFF
--   Build 32 bit PCRE2 library ...... : OFF
--   Enable JIT compiling support .... : OFF
--   Use SELinux allocator in JIT .... : IGNORE
--   Enable Unicode support .......... : ON
--   Newline char/sequence ........... : LF
--   \R matches only ANYCRLF ......... : OFF
--   \C is disabled .................. : OFF
--   EBCDIC coding ................... : OFF
--   EBCDIC coding with NL=0x25 ...... : OFF
--   Rebuild char tables ............. : OFF
--   Internal link size .............. : 2
--   Parentheses nest limit .......... : 250
--   Heap limit ...................... : 20000000
--   Match limit ..................... : 10000000
--   Match depth limit ............... : MATCH_LIMIT
--   Build shared libs ............... : OFF
--   Build static libs ............... : ON
--      with PIC enabled ............. : OFF
--   Build pcre2grep ................. : ON
--   Enable JIT in pcre2grep ......... : ON
--   Enable callouts in pcre2grep .... : ON
--   Enable callout fork in pcre2grep. : ON
--   Buffer size for pcre2grep ....... : 20480
--   Build tests (implies pcre2test .. : ON
--                and pcre2grep)
--   Link pcre2grep with libz ........ : ON
--   Link pcre2grep with libbz2 ...... : Library not found
--   Link pcre2test with libeditline . : Library not found
--   Link pcre2test with libreadline . : Library not found
--   Support Valgrind .................: OFF
--   Use %zu and %td ..................: AUTO
-- 

-- Configuring done (3.0s)

-- Generating done (0.0s)

-- Build files have been written to: /Volumes/Samsung-T5/code/MobiPkg/Compile/logs/libs/pcre2/build/android/armeabi-v7a

$ ninja -j8

[1/36] Building C object CMakeFiles/pcre2-8-static.dir/pcre2_chartables.c.o

[2/36] Building C object CMakeFiles/pcre2-8-static.dir/src/pcre2_config.c.o

[3/36] Building C object CMakeFiles/pcre2-8-static.dir/src/pcre2_error.c.o

[4/36] Building C object CMakeFiles/pcre2-8-static.dir/src/pcre2_find_bracket.c.o

[5/36] Building C object CMakeFiles/pcre2-8-static.dir/src/pcre2_context.c.o

[6/36] Building C object CMakeFiles/pcre2-8-static.dir/src/pcre2_jit_compile.c.o

[7/36] Building C object CMakeFiles/pcre2-8-static.dir/src/pcre2_extuni.c.o

[8/36] Building C object CMakeFiles/pcre2-8-static.dir/src/pcre2_match_data.c.o

[9/36] Building C object CMakeFiles/pcre2-8-static.dir/src/pcre2_newline.c.o

[10/36] Building C object CMakeFiles/pcre2-8-static.dir/src/pcre2_maketables.c.o

[11/36] Building C object CMakeFiles/pcre2-8-static.dir/src/pcre2_ord2utf.c.o

[12/36] Building C object CMakeFiles/pcre2-8-static.dir/src/pcre2_pattern_info.c.o

[13/36] Building C object CMakeFiles/pcre2-8-static.dir/src/pcre2_serialize.c.o

[14/36] Building C object CMakeFiles/pcre2-8-static.dir/src/pcre2_script_run.c.o

[15/36] Building C object CMakeFiles/pcre2-8-static.dir/src/pcre2_string_utils.c.o

[16/36] Building C object CMakeFiles/pcre2-8-static.dir/src/pcre2_auto_possess.c.o

[17/36] Building C object CMakeFiles/pcre2-8-static.dir/src/pcre2_tables.c.o

[18/36] Building C object CMakeFiles/pcre2-8-static.dir/src/pcre2_substring.c.o

[19/36] Building C object CMakeFiles/pcre2-8-static.dir/src/pcre2_ucd.c.o

[20/36] Building C object CMakeFiles/pcre2-8-static.dir/src/pcre2_valid_utf.c.o

[21/36] Building C object CMakeFiles/pcre2-8-static.dir/src/pcre2_xclass.c.o

[22/36] Building C object CMakeFiles/pcre2-posix-static.dir/src/pcre2posix.c.o

[23/36] Building C object CMakeFiles/pcre2-8-static.dir/src/pcre2_study.c.o

[24/36] Building C object CMakeFiles/pcre2-8-static.dir/src/pcre2_substitute.c.o

[25/36] Building C object CMakeFiles/pcre2posix_test.dir/src/pcre2posix_test.c.o

[26/36] Building C object CMakeFiles/pcre2-8-static.dir/src/pcre2_convert.c.o

[27/36] Building C object CMakeFiles/pcre2grep.dir/src/pcre2grep.c.o

[28/36] Building C object CMakeFiles/pcre2-8-static.dir/src/pcre2_dfa_match.c.o

[29/36] Building C object CMakeFiles/pcre2-8-static.dir/src/pcre2_compile.c.o

[30/36] Building C object CMakeFiles/pcre2test.dir/src/pcre2test.c.o

[31/36] Building C object CMakeFiles/pcre2-8-static.dir/src/pcre2_match.c.o

[32/36] Linking C static library libpcre2-8.a

[33/36] Linking C static library libpcre2-posix.a

[34/36] Linking C executable pcre2posix_test

[35/36] Linking C executable pcre2grep

[36/36] Linking C executable pcre2test

$ ninja install

[0/1] Install the project...

-- Install configuration: "Release"

-- Installing: /Volumes/Samsung-T5/code/MobiPkg/Compile/logs/libs/pcre2/install/android/armeabi-v7a/lib/libpcre2-8.a

-- Installing: /Volumes/Samsung-T5/code/MobiPkg/Compile/logs/libs/pcre2/install/android/armeabi-v7a/lib/libpcre2-posix.a

-- Installing: /Volumes/Samsung-T5/code/MobiPkg/Compile/logs/libs/pcre2/install/android/armeabi-v7a/bin/pcre2grep

-- Installing: /Volumes/Samsung-T5/code/MobiPkg/Compile/logs/libs/pcre2/install/android/armeabi-v7a/bin/pcre2test

-- Installing: /Volumes/Samsung-T5/code/MobiPkg/Compile/logs/libs/pcre2/install/android/armeabi-v7a/bin/pcre2posix_test

-- Installing: /Volumes/Samsung-T5/code/MobiPkg/Compile/logs/libs/pcre2/install/android/armeabi-v7a/lib/pkgconfig/libpcre2-posix.pc

-- Installing: /Volumes/Samsung-T5/code/MobiPkg/Compile/logs/libs/pcre2/install/android/armeabi-v7a/lib/pkgconfig/libpcre2-8.pc

-- Installing: /Volumes/Samsung-T5/code/MobiPkg/Compile/logs/libs/pcre2/install/android/armeabi-v7a/bin/pcre2-config

-- Installing: /Volumes/Samsung-T5/code/MobiPkg/Compile/logs/libs/pcre2/install/android/armeabi-v7a/include/pcre2.h

-- Installing: /Volumes/Samsung-T5/code/MobiPkg/Compile/logs/libs/pcre2/install/android/armeabi-v7a/include/pcre2posix.h

-- Installing: /Volumes/Samsung-T5/code/MobiPkg/Compile/logs/libs/pcre2/install/android/armeabi-v7a/cmake/pcre2-config.cmake

-- Installing: /Volumes/Samsung-T5/code/MobiPkg/Compile/logs/libs/pcre2/install/android/armeabi-v7a/cmake/pcre2-config-version.cmake

-- Installing: /Volumes/Samsung-T5/code/MobiPkg/Compile/logs/libs/pcre2/install/android/armeabi-v7a/man/man1/pcre2-config.1

-- Installing: /Volumes/Samsung-T5/code/MobiPkg/Compile/logs/libs/pcre2/install/android/armeabi-v7a/man/man1/pcre2grep.1

-- Installing: /Volumes/Samsung-T5/code/MobiPkg/Compile/logs/libs/pcre2/install/android/armeabi-v7a/man/man1/pcre2test.1

-- Installing: /Volumes/Samsung-T5/code/MobiPkg/Compile/logs/libs/pcre2/install/android/armeabi-v7a/man/man3/pcre2.3

-- Installing: /Volumes/Samsung-T5/code/MobiPkg/Compile/logs/libs/pcre2/install/android/armeabi-v7a/man/man3/pcre2_callout_enumerate.3

-- Installing: /Volumes/Samsung-T5/code/MobiPkg/Compile/logs/libs/pcre2/install/android/armeabi-v7a/man/man3/pcre2_code_copy.3

-- Installing: /Volumes/Samsung-T5/code/MobiPkg/Compile/logs/libs/pcre2/install/android/armeabi-v7a/man/man3/pcre2_code_copy_with_tables.3

-- Installing: /Volumes/Samsung-T5/code/MobiPkg/Compile/logs/libs/pcre2/install/android/armeabi-v7a/man/man3/pcre2_code_free.3

-- Installing: /Volumes/Samsung-T5/code/MobiPkg/Compile/logs/libs/pcre2/install/android/armeabi-v7a/man/man3/pcre2_compile.3

-- Installing: /Volumes/Samsung-T5/code/MobiPkg/Compile/logs/libs/pcre2/install/android/armeabi-v7a/man/man3/pcre2_compile_context_copy.3

-- Installing: /Volumes/Samsung-T5/code/MobiPkg/Compile/logs/libs/pcre2/install/android/armeabi-v7a/man/man3/pcre2_compile_context_create.3

-- Installing: /Volumes/Samsung-T5/code/MobiPkg/Compile/logs/libs/pcre2/install/android/armeabi-v7a/man/man3/pcre2_compile_context_free.3

-- Installing: /Volumes/Samsung-T5/code/MobiPkg/Compile/logs/libs/pcre2/install/android/armeabi-v7a/man/man3/pcre2_config.3

-- Installing: /Volumes/Samsung-T5/code/MobiPkg/Compile/logs/libs/pcre2/install/android/armeabi-v7a/man/man3/pcre2_convert_context_copy.3

-- Installing: /Volumes/Samsung-T5/code/MobiPkg/Compile/logs/libs/pcre2/install/android/armeabi-v7a/man/man3/pcre2_convert_context_create.3

-- Installing: /Volumes/Samsung-T5/code/MobiPkg/Compile/logs/libs/pcre2/install/android/armeabi-v7a/man/man3/pcre2_convert_context_free.3

-- Installing: /Volumes/Samsung-T5/code/MobiPkg/Compile/logs/libs/pcre2/install/android/armeabi-v7a/man/man3/pcre2_converted_pattern_free.3

-- Installing: /Volumes/Samsung-T5/code/MobiPkg/Compile/logs/libs/pcre2/install/android/armeabi-v7a/man/man3/pcre2_dfa_match.3

-- Installing: /Volumes/Samsung-T5/code/MobiPkg/Compile/logs/libs/pcre2/install/android/armeabi-v7a/man/man3/pcre2_general_context_copy.3

-- Installing: /Volumes/Samsung-T5/code/MobiPkg/Compile/logs/libs/pcre2/install/android/armeabi-v7a/man/man3/pcre2_general_context_create.3

-- Installing: /Volumes/Samsung-T5/code/MobiPkg/Compile/logs/libs/pcre2/install/android/armeabi-v7a/man/man3/pcre2_general_context_free.3

-- Installing: /Volumes/Samsung-T5/code/MobiPkg/Compile/logs/libs/pcre2/install/android/armeabi-v7a/man/man3/pcre2_get_error_message.3

-- Installing: /Volumes/Samsung-T5/code/MobiPkg/Compile/logs/libs/pcre2/install/android/armeabi-v7a/man/man3/pcre2_get_mark.3

-- Installing: /Volumes/Samsung-T5/code/MobiPkg/Compile/logs/libs/pcre2/install/android/armeabi-v7a/man/man3/pcre2_get_match_data_size.3

-- Installing: /Volumes/Samsung-T5/code/MobiPkg/Compile/logs/libs/pcre2/install/android/armeabi-v7a/man/man3/pcre2_get_ovector_count.3

-- Installing: /Volumes/Samsung-T5/code/MobiPkg/Compile/logs/libs/pcre2/install/android/armeabi-v7a/man/man3/pcre2_get_ovector_pointer.3

-- Installing: /Volumes/Samsung-T5/code/MobiPkg/Compile/logs/libs/pcre2/install/android/armeabi-v7a/man/man3/pcre2_get_startchar.3

-- Installing: /Volumes/Samsung-T5/code/MobiPkg/Compile/logs/libs/pcre2/install/android/armeabi-v7a/man/man3/pcre2_jit_compile.3

-- Installing: /Volumes/Samsung-T5/code/MobiPkg/Compile/logs/libs/pcre2/install/android/armeabi-v7a/man/man3/pcre2_jit_free_unused_memory.3

-- Installing: /Volumes/Samsung-T5/code/MobiPkg/Compile/logs/libs/pcre2/install/android/armeabi-v7a/man/man3/pcre2_jit_match.3

-- Installing: /Volumes/Samsung-T5/code/MobiPkg/Compile/logs/libs/pcre2/install/android/armeabi-v7a/man/man3/pcre2_jit_stack_assign.3

-- Installing: /Volumes/Samsung-T5/code/MobiPkg/Compile/logs/libs/pcre2/install/android/armeabi-v7a/man/man3/pcre2_jit_stack_create.3

-- Installing: /Volumes/Samsung-T5/code/MobiPkg/Compile/logs/libs/pcre2/install/android/armeabi-v7a/man/man3/pcre2_jit_stack_free.3

-- Installing: /Volumes/Samsung-T5/code/MobiPkg/Compile/logs/libs/pcre2/install/android/armeabi-v7a/man/man3/pcre2_maketables.3

-- Installing: /Volumes/Samsung-T5/code/MobiPkg/Compile/logs/libs/pcre2/install/android/armeabi-v7a/man/man3/pcre2_maketables_free.3
-- Installing: /Volumes/Samsung-T5/code/MobiPkg/Compile/logs/libs/pcre2/install/android/armeabi-v7a/man/man3/pcre2_match.3

-- Installing: /Volumes/Samsung-T5/code/MobiPkg/Compile/logs/libs/pcre2/install/android/armeabi-v7a/man/man3/pcre2_match_context_copy.3

-- Installing: /Volumes/Samsung-T5/code/MobiPkg/Compile/logs/libs/pcre2/install/android/armeabi-v7a/man/man3/pcre2_match_context_create.3
-- Installing: /Volumes/Samsung-T5/code/MobiPkg/Compile/logs/libs/pcre2/install/android/armeabi-v7a/man/man3/pcre2_match_context_free.3

-- Installing: /Volumes/Samsung-T5/code/MobiPkg/Compile/logs/libs/pcre2/install/android/armeabi-v7a/man/man3/pcre2_match_data_create.3
-- Installing: /Volumes/Samsung-T5/code/MobiPkg/Compile/logs/libs/pcre2/install/android/armeabi-v7a/man/man3/pcre2_match_data_create_from_pattern.3

-- Installing: /Volumes/Samsung-T5/code/MobiPkg/Compile/logs/libs/pcre2/install/android/armeabi-v7a/man/man3/pcre2_match_data_free.3
-- Installing: /Volumes/Samsung-T5/code/MobiPkg/Compile/logs/libs/pcre2/install/android/armeabi-v7a/man/man3/pcre2_pattern_convert.3
-- Installing: /Volumes/Samsung-T5/code/MobiPkg/Compile/logs/libs/pcre2/install/android/armeabi-v7a/man/man3/pcre2_pattern_info.3

-- Installing: /Volumes/Samsung-T5/code/MobiPkg/Compile/logs/libs/pcre2/install/android/armeabi-v7a/man/man3/pcre2_serialize_decode.3

-- Installing: /Volumes/Samsung-T5/code/MobiPkg/Compile/logs/libs/pcre2/install/android/armeabi-v7a/man/man3/pcre2_serialize_encode.3
-- Installing: /Volumes/Samsung-T5/code/MobiPkg/Compile/logs/libs/pcre2/install/android/armeabi-v7a/man/man3/pcre2_serialize_free.3
-- Installing: /Volumes/Samsung-T5/code/MobiPkg/Compile/logs/libs/pcre2/install/android/armeabi-v7a/man/man3/pcre2_serialize_get_number_of_codes.3

-- Installing: /Volumes/Samsung-T5/code/MobiPkg/Compile/logs/libs/pcre2/install/android/armeabi-v7a/man/man3/pcre2_set_bsr.3
-- Installing: /Volumes/Samsung-T5/code/MobiPkg/Compile/logs/libs/pcre2/install/android/armeabi-v7a/man/man3/pcre2_set_callout.3

-- Installing: /Volumes/Samsung-T5/code/MobiPkg/Compile/logs/libs/pcre2/install/android/armeabi-v7a/man/man3/pcre2_set_character_tables.3

-- Installing: /Volumes/Samsung-T5/code/MobiPkg/Compile/logs/libs/pcre2/install/android/armeabi-v7a/man/man3/pcre2_set_compile_extra_options.3

-- Installing: /Volumes/Samsung-T5/code/MobiPkg/Compile/logs/libs/pcre2/install/android/armeabi-v7a/man/man3/pcre2_set_compile_recursion_guard.3

-- Installing: /Volumes/Samsung-T5/code/MobiPkg/Compile/logs/libs/pcre2/install/android/armeabi-v7a/man/man3/pcre2_set_depth_limit.3

-- Installing: /Volumes/Samsung-T5/code/MobiPkg/Compile/logs/libs/pcre2/install/android/armeabi-v7a/man/man3/pcre2_set_glob_escape.3

-- Installing: /Volumes/Samsung-T5/code/MobiPkg/Compile/logs/libs/pcre2/install/android/armeabi-v7a/man/man3/pcre2_set_glob_separator.3

-- Installing: /Volumes/Samsung-T5/code/MobiPkg/Compile/logs/libs/pcre2/install/android/armeabi-v7a/man/man3/pcre2_set_heap_limit.3

-- Installing: /Volumes/Samsung-T5/code/MobiPkg/Compile/logs/libs/pcre2/install/android/armeabi-v7a/man/man3/pcre2_set_match_limit.3

-- Installing: /Volumes/Samsung-T5/code/MobiPkg/Compile/logs/libs/pcre2/install/android/armeabi-v7a/man/man3/pcre2_set_max_pattern_length.3

-- Installing: /Volumes/Samsung-T5/code/MobiPkg/Compile/logs/libs/pcre2/install/android/armeabi-v7a/man/man3/pcre2_set_newline.3

-- Installing: /Volumes/Samsung-T5/code/MobiPkg/Compile/logs/libs/pcre2/install/android/armeabi-v7a/man/man3/pcre2_set_offset_limit.3

-- Installing: /Volumes/Samsung-T5/code/MobiPkg/Compile/logs/libs/pcre2/install/android/armeabi-v7a/man/man3/pcre2_set_parens_nest_limit.3
-- Installing: /Volumes/Samsung-T5/code/MobiPkg/Compile/logs/libs/pcre2/install/android/armeabi-v7a/man/man3/pcre2_set_recursion_limit.3

-- Installing: /Volumes/Samsung-T5/code/MobiPkg/Compile/logs/libs/pcre2/install/android/armeabi-v7a/man/man3/pcre2_set_recursion_memory_management.3
-- Installing: /Volumes/Samsung-T5/code/MobiPkg/Compile/logs/libs/pcre2/install/android/armeabi-v7a/man/man3/pcre2_set_substitute_callout.3

-- Installing: /Volumes/Samsung-T5/code/MobiPkg/Compile/logs/libs/pcre2/install/android/armeabi-v7a/man/man3/pcre2_substitute.3
-- Installing: /Volumes/Samsung-T5/code/MobiPkg/Compile/logs/libs/pcre2/install/android/armeabi-v7a/man/man3/pcre2_substring_copy_byname.3

-- Installing: /Volumes/Samsung-T5/code/MobiPkg/Compile/logs/libs/pcre2/install/android/armeabi-v7a/man/man3/pcre2_substring_copy_bynumber.3

-- Installing: /Volumes/Samsung-T5/code/MobiPkg/Compile/logs/libs/pcre2/install/android/armeabi-v7a/man/man3/pcre2_substring_free.3

-- Installing: /Volumes/Samsung-T5/code/MobiPkg/Compile/logs/libs/pcre2/install/android/armeabi-v7a/man/man3/pcre2_substring_get_byname.3

-- Installing: /Volumes/Samsung-T5/code/MobiPkg/Compile/logs/libs/pcre2/install/android/armeabi-v7a/man/man3/pcre2_substring_get_bynumber.3

-- Installing: /Volumes/Samsung-T5/code/MobiPkg/Compile/logs/libs/pcre2/install/android/armeabi-v7a/man/man3/pcre2_substring_length_byname.3

-- Installing: /Volumes/Samsung-T5/code/MobiPkg/Compile/logs/libs/pcre2/install/android/armeabi-v7a/man/man3/pcre2_substring_length_bynumber.3

-- Installing: /Volumes/Samsung-T5/code/MobiPkg/Compile/logs/libs/pcre2/install/android/armeabi-v7a/man/man3/pcre2_substring_list_free.3
-- Installing: /Volumes/Samsung-T5/code/MobiPkg/Compile/logs/libs/pcre2/install/android/armeabi-v7a/man/man3/pcre2_substring_list_get.3

-- Installing: /Volumes/Samsung-T5/code/MobiPkg/Compile/logs/libs/pcre2/install/android/armeabi-v7a/man/man3/pcre2_substring_nametable_scan.3

-- Installing: /Volumes/Samsung-T5/code/MobiPkg/Compile/logs/libs/pcre2/install/android/armeabi-v7a/man/man3/pcre2_substring_number_from_name.3

-- Installing: /Volumes/Samsung-T5/code/MobiPkg/Compile/logs/libs/pcre2/install/android/armeabi-v7a/man/man3/pcre2api.3

-- Installing: /Volumes/Samsung-T5/code/MobiPkg/Compile/logs/libs/pcre2/install/android/armeabi-v7a/man/man3/pcre2build.3

-- Installing: /Volumes/Samsung-T5/code/MobiPkg/Compile/logs/libs/pcre2/install/android/armeabi-v7a/man/man3/pcre2callout.3

-- Installing: /Volumes/Samsung-T5/code/MobiPkg/Compile/logs/libs/pcre2/install/android/armeabi-v7a/man/man3/pcre2compat.3

-- Installing: /Volumes/Samsung-T5/code/MobiPkg/Compile/logs/libs/pcre2/install/android/armeabi-v7a/man/man3/pcre2convert.3

-- Installing: /Volumes/Samsung-T5/code/MobiPkg/Compile/logs/libs/pcre2/install/android/armeabi-v7a/man/man3/pcre2demo.3

-- Installing: /Volumes/Samsung-T5/code/MobiPkg/Compile/logs/libs/pcre2/install/android/armeabi-v7a/man/man3/pcre2jit.3

-- Installing: /Volumes/Samsung-T5/code/MobiPkg/Compile/logs/libs/pcre2/install/android/armeabi-v7a/man/man3/pcre2limits.3

-- Installing: /Volumes/Samsung-T5/code/MobiPkg/Compile/logs/libs/pcre2/install/android/armeabi-v7a/man/man3/pcre2matching.3

-- Installing: /Volumes/Samsung-T5/code/MobiPkg/Compile/logs/libs/pcre2/install/android/armeabi-v7a/man/man3/pcre2partial.3

-- Installing: /Volumes/Samsung-T5/code/MobiPkg/Compile/logs/libs/pcre2/install/android/armeabi-v7a/man/man3/pcre2pattern.3

-- Installing: /Volumes/Samsung-T5/code/MobiPkg/Compile/logs/libs/pcre2/install/android/armeabi-v7a/man/man3/pcre2perform.3

-- Installing: /Volumes/Samsung-T5/code/MobiPkg/Compile/logs/libs/pcre2/install/android/armeabi-v7a/man/man3/pcre2posix.3

-- Installing: /Volumes/Samsung-T5/code/MobiPkg/Compile/logs/libs/pcre2/install/android/armeabi-v7a/man/man3/pcre2sample.3

-- Installing: /Volumes/Samsung-T5/code/MobiPkg/Compile/logs/libs/pcre2/install/android/armeabi-v7a/man/man3/pcre2serialize.3

-- Installing: /Volumes/Samsung-T5/code/MobiPkg/Compile/logs/libs/pcre2/install/android/armeabi-v7a/man/man3/pcre2syntax.3

-- Installing: /Volumes/Samsung-T5/code/MobiPkg/Compile/logs/libs/pcre2/install/android/armeabi-v7a/man/man3/pcre2unicode.3

-- Installing: /Volumes/Samsung-T5/code/MobiPkg/Compile/logs/libs/pcre2/install/android/armeabi-v7a/share/doc/pcre2/html/index.html

-- Installing: /Volumes/Samsung-T5/code/MobiPkg/Compile/logs/libs/pcre2/install/android/armeabi-v7a/share/doc/pcre2/html/pcre2-config.html

-- Installing: /Volumes/Samsung-T5/code/MobiPkg/Compile/logs/libs/pcre2/install/android/armeabi-v7a/share/doc/pcre2/html/pcre2.html

-- Installing: /Volumes/Samsung-T5/code/MobiPkg/Compile/logs/libs/pcre2/install/android/armeabi-v7a/share/doc/pcre2/html/pcre2_callout_enumerate.html

-- Installing: /Volumes/Samsung-T5/code/MobiPkg/Compile/logs/libs/pcre2/install/android/armeabi-v7a/share/doc/pcre2/html/pcre2_code_copy.html

-- Installing: /Volumes/Samsung-T5/code/MobiPkg/Compile/logs/libs/pcre2/install/android/armeabi-v7a/share/doc/pcre2/html/pcre2_code_copy_with_tables.html

-- Installing: /Volumes/Samsung-T5/code/MobiPkg/Compile/logs/libs/pcre2/install/android/armeabi-v7a/share/doc/pcre2/html/pcre2_code_free.html

-- Installing: /Volumes/Samsung-T5/code/MobiPkg/Compile/logs/libs/pcre2/install/android/armeabi-v7a/share/doc/pcre2/html/pcre2_compile.html

-- Installing: /Volumes/Samsung-T5/code/MobiPkg/Compile/logs/libs/pcre2/install/android/armeabi-v7a/share/doc/pcre2/html/pcre2_compile_context_copy.html

-- Installing: /Volumes/Samsung-T5/code/MobiPkg/Compile/logs/libs/pcre2/install/android/armeabi-v7a/share/doc/pcre2/html/pcre2_compile_context_create.html

-- Installing: /Volumes/Samsung-T5/code/MobiPkg/Compile/logs/libs/pcre2/install/android/armeabi-v7a/share/doc/pcre2/html/pcre2_compile_context_free.html

-- Installing: /Volumes/Samsung-T5/code/MobiPkg/Compile/logs/libs/pcre2/install/android/armeabi-v7a/share/doc/pcre2/html/pcre2_config.html

-- Installing: /Volumes/Samsung-T5/code/MobiPkg/Compile/logs/libs/pcre2/install/android/armeabi-v7a/share/doc/pcre2/html/pcre2_convert_context_copy.html

-- Installing: /Volumes/Samsung-T5/code/MobiPkg/Compile/logs/libs/pcre2/install/android/armeabi-v7a/share/doc/pcre2/html/pcre2_convert_context_create.html
-- Installing: /Volumes/Samsung-T5/code/MobiPkg/Compile/logs/libs/pcre2/install/android/armeabi-v7a/share/doc/pcre2/html/pcre2_convert_context_free.html

-- Installing: /Volumes/Samsung-T5/code/MobiPkg/Compile/logs/libs/pcre2/install/android/armeabi-v7a/share/doc/pcre2/html/pcre2_converted_pattern_free.html

-- Installing: /Volumes/Samsung-T5/code/MobiPkg/Compile/logs/libs/pcre2/install/android/armeabi-v7a/share/doc/pcre2/html/pcre2_dfa_match.html

-- Installing: /Volumes/Samsung-T5/code/MobiPkg/Compile/logs/libs/pcre2/install/android/armeabi-v7a/share/doc/pcre2/html/pcre2_general_context_copy.html

-- Installing: /Volumes/Samsung-T5/code/MobiPkg/Compile/logs/libs/pcre2/install/android/armeabi-v7a/share/doc/pcre2/html/pcre2_general_context_create.html

-- Installing: /Volumes/Samsung-T5/code/MobiPkg/Compile/logs/libs/pcre2/install/android/armeabi-v7a/share/doc/pcre2/html/pcre2_general_context_free.html

-- Installing: /Volumes/Samsung-T5/code/MobiPkg/Compile/logs/libs/pcre2/install/android/armeabi-v7a/share/doc/pcre2/html/pcre2_get_error_message.html

-- Installing: /Volumes/Samsung-T5/code/MobiPkg/Compile/logs/libs/pcre2/install/android/armeabi-v7a/share/doc/pcre2/html/pcre2_get_mark.html

-- Installing: /Volumes/Samsung-T5/code/MobiPkg/Compile/logs/libs/pcre2/install/android/armeabi-v7a/share/doc/pcre2/html/pcre2_get_match_data_size.html

-- Installing: /Volumes/Samsung-T5/code/MobiPkg/Compile/logs/libs/pcre2/install/android/armeabi-v7a/share/doc/pcre2/html/pcre2_get_ovector_count.html

-- Installing: /Volumes/Samsung-T5/code/MobiPkg/Compile/logs/libs/pcre2/install/android/armeabi-v7a/share/doc/pcre2/html/pcre2_get_ovector_pointer.html
-- Installing: /Volumes/Samsung-T5/code/MobiPkg/Compile/logs/libs/pcre2/install/android/armeabi-v7a/share/doc/pcre2/html/pcre2_get_startchar.html

-- Installing: /Volumes/Samsung-T5/code/MobiPkg/Compile/logs/libs/pcre2/install/android/armeabi-v7a/share/doc/pcre2/html/pcre2_jit_compile.html
-- Installing: /Volumes/Samsung-T5/code/MobiPkg/Compile/logs/libs/pcre2/install/android/armeabi-v7a/share/doc/pcre2/html/pcre2_jit_free_unused_memory.html

-- Installing: /Volumes/Samsung-T5/code/MobiPkg/Compile/logs/libs/pcre2/install/android/armeabi-v7a/share/doc/pcre2/html/pcre2_jit_match.html

-- Installing: /Volumes/Samsung-T5/code/MobiPkg/Compile/logs/libs/pcre2/install/android/armeabi-v7a/share/doc/pcre2/html/pcre2_jit_stack_assign.html

-- Installing: /Volumes/Samsung-T5/code/MobiPkg/Compile/logs/libs/pcre2/install/android/armeabi-v7a/share/doc/pcre2/html/pcre2_jit_stack_create.html

-- Installing: /Volumes/Samsung-T5/code/MobiPkg/Compile/logs/libs/pcre2/install/android/armeabi-v7a/share/doc/pcre2/html/pcre2_jit_stack_free.html

-- Installing: /Volumes/Samsung-T5/code/MobiPkg/Compile/logs/libs/pcre2/install/android/armeabi-v7a/share/doc/pcre2/html/pcre2_maketables.html

-- Installing: /Volumes/Samsung-T5/code/MobiPkg/Compile/logs/libs/pcre2/install/android/armeabi-v7a/share/doc/pcre2/html/pcre2_maketables_free.html

-- Installing: /Volumes/Samsung-T5/code/MobiPkg/Compile/logs/libs/pcre2/install/android/armeabi-v7a/share/doc/pcre2/html/pcre2_match.html

-- Installing: /Volumes/Samsung-T5/code/MobiPkg/Compile/logs/libs/pcre2/install/android/armeabi-v7a/share/doc/pcre2/html/pcre2_match_context_copy.html

-- Installing: /Volumes/Samsung-T5/code/MobiPkg/Compile/logs/libs/pcre2/install/android/armeabi-v7a/share/doc/pcre2/html/pcre2_match_context_create.html

-- Installing: /Volumes/Samsung-T5/code/MobiPkg/Compile/logs/libs/pcre2/install/android/armeabi-v7a/share/doc/pcre2/html/pcre2_match_context_free.html

-- Installing: /Volumes/Samsung-T5/code/MobiPkg/Compile/logs/libs/pcre2/install/android/armeabi-v7a/share/doc/pcre2/html/pcre2_match_data_create.html

-- Installing: /Volumes/Samsung-T5/code/MobiPkg/Compile/logs/libs/pcre2/install/android/armeabi-v7a/share/doc/pcre2/html/pcre2_match_data_create_from_pattern.html

-- Installing: /Volumes/Samsung-T5/code/MobiPkg/Compile/logs/libs/pcre2/install/android/armeabi-v7a/share/doc/pcre2/html/pcre2_match_data_free.html

-- Installing: /Volumes/Samsung-T5/code/MobiPkg/Compile/logs/libs/pcre2/install/android/armeabi-v7a/share/doc/pcre2/html/pcre2_pattern_convert.html

-- Installing: /Volumes/Samsung-T5/code/MobiPkg/Compile/logs/libs/pcre2/install/android/armeabi-v7a/share/doc/pcre2/html/pcre2_pattern_info.html

-- Installing: /Volumes/Samsung-T5/code/MobiPkg/Compile/logs/libs/pcre2/install/android/armeabi-v7a/share/doc/pcre2/html/pcre2_serialize_decode.html

-- Installing: /Volumes/Samsung-T5/code/MobiPkg/Compile/logs/libs/pcre2/install/android/armeabi-v7a/share/doc/pcre2/html/pcre2_serialize_encode.html

-- Installing: /Volumes/Samsung-T5/code/MobiPkg/Compile/logs/libs/pcre2/install/android/armeabi-v7a/share/doc/pcre2/html/pcre2_serialize_free.html

-- Installing: /Volumes/Samsung-T5/code/MobiPkg/Compile/logs/libs/pcre2/install/android/armeabi-v7a/share/doc/pcre2/html/pcre2_serialize_get_number_of_codes.html

-- Installing: /Volumes/Samsung-T5/code/MobiPkg/Compile/logs/libs/pcre2/install/android/armeabi-v7a/share/doc/pcre2/html/pcre2_set_bsr.html

-- Installing: /Volumes/Samsung-T5/code/MobiPkg/Compile/logs/libs/pcre2/install/android/armeabi-v7a/share/doc/pcre2/html/pcre2_set_callout.html

-- Installing: /Volumes/Samsung-T5/code/MobiPkg/Compile/logs/libs/pcre2/install/android/armeabi-v7a/share/doc/pcre2/html/pcre2_set_character_tables.html

-- Installing: /Volumes/Samsung-T5/code/MobiPkg/Compile/logs/libs/pcre2/install/android/armeabi-v7a/share/doc/pcre2/html/pcre2_set_compile_extra_options.html

-- Installing: /Volumes/Samsung-T5/code/MobiPkg/Compile/logs/libs/pcre2/install/android/armeabi-v7a/share/doc/pcre2/html/pcre2_set_compile_recursion_guard.html

-- Installing: /Volumes/Samsung-T5/code/MobiPkg/Compile/logs/libs/pcre2/install/android/armeabi-v7a/share/doc/pcre2/html/pcre2_set_depth_limit.html

-- Installing: /Volumes/Samsung-T5/code/MobiPkg/Compile/logs/libs/pcre2/install/android/armeabi-v7a/share/doc/pcre2/html/pcre2_set_glob_escape.html

-- Installing: /Volumes/Samsung-T5/code/MobiPkg/Compile/logs/libs/pcre2/install/android/armeabi-v7a/share/doc/pcre2/html/pcre2_set_glob_separator.html

-- Installing: /Volumes/Samsung-T5/code/MobiPkg/Compile/logs/libs/pcre2/install/android/armeabi-v7a/share/doc/pcre2/html/pcre2_set_heap_limit.html

-- Installing: /Volumes/Samsung-T5/code/MobiPkg/Compile/logs/libs/pcre2/install/android/armeabi-v7a/share/doc/pcre2/html/pcre2_set_match_limit.html

-- Installing: /Volumes/Samsung-T5/code/MobiPkg/Compile/logs/libs/pcre2/install/android/armeabi-v7a/share/doc/pcre2/html/pcre2_set_max_pattern_length.html

-- Installing: /Volumes/Samsung-T5/code/MobiPkg/Compile/logs/libs/pcre2/install/android/armeabi-v7a/share/doc/pcre2/html/pcre2_set_newline.html

-- Installing: /Volumes/Samsung-T5/code/MobiPkg/Compile/logs/libs/pcre2/install/android/armeabi-v7a/share/doc/pcre2/html/pcre2_set_offset_limit.html

-- Installing: /Volumes/Samsung-T5/code/MobiPkg/Compile/logs/libs/pcre2/install/android/armeabi-v7a/share/doc/pcre2/html/pcre2_set_parens_nest_limit.html

-- Installing: /Volumes/Samsung-T5/code/MobiPkg/Compile/logs/libs/pcre2/install/android/armeabi-v7a/share/doc/pcre2/html/pcre2_set_recursion_limit.html

-- Installing: /Volumes/Samsung-T5/code/MobiPkg/Compile/logs/libs/pcre2/install/android/armeabi-v7a/share/doc/pcre2/html/pcre2_set_recursion_memory_management.html

-- Installing: /Volumes/Samsung-T5/code/MobiPkg/Compile/logs/libs/pcre2/install/android/armeabi-v7a/share/doc/pcre2/html/pcre2_set_substitute_callout.html

-- Installing: /Volumes/Samsung-T5/code/MobiPkg/Compile/logs/libs/pcre2/install/android/armeabi-v7a/share/doc/pcre2/html/pcre2_substitute.html

-- Installing: /Volumes/Samsung-T5/code/MobiPkg/Compile/logs/libs/pcre2/install/android/armeabi-v7a/share/doc/pcre2/html/pcre2_substring_copy_byname.html

-- Installing: /Volumes/Samsung-T5/code/MobiPkg/Compile/logs/libs/pcre2/install/android/armeabi-v7a/share/doc/pcre2/html/pcre2_substring_copy_bynumber.html

-- Installing: /Volumes/Samsung-T5/code/MobiPkg/Compile/logs/libs/pcre2/install/android/armeabi-v7a/share/doc/pcre2/html/pcre2_substring_free.html

-- Installing: /Volumes/Samsung-T5/code/MobiPkg/Compile/logs/libs/pcre2/install/android/armeabi-v7a/share/doc/pcre2/html/pcre2_substring_get_byname.html

-- Installing: /Volumes/Samsung-T5/code/MobiPkg/Compile/logs/libs/pcre2/install/android/armeabi-v7a/share/doc/pcre2/html/pcre2_substring_get_bynumber.html

-- Installing: /Volumes/Samsung-T5/code/MobiPkg/Compile/logs/libs/pcre2/install/android/armeabi-v7a/share/doc/pcre2/html/pcre2_substring_length_byname.html

-- Installing: /Volumes/Samsung-T5/code/MobiPkg/Compile/logs/libs/pcre2/install/android/armeabi-v7a/share/doc/pcre2/html/pcre2_substring_length_bynumber.html

-- Installing: /Volumes/Samsung-T5/code/MobiPkg/Compile/logs/libs/pcre2/install/android/armeabi-v7a/share/doc/pcre2/html/pcre2_substring_list_free.html

-- Installing: /Volumes/Samsung-T5/code/MobiPkg/Compile/logs/libs/pcre2/install/android/armeabi-v7a/share/doc/pcre2/html/pcre2_substring_list_get.html

-- Installing: /Volumes/Samsung-T5/code/MobiPkg/Compile/logs/libs/pcre2/install/android/armeabi-v7a/share/doc/pcre2/html/pcre2_substring_nametable_scan.html

-- Installing: /Volumes/Samsung-T5/code/MobiPkg/Compile/logs/libs/pcre2/install/android/armeabi-v7a/share/doc/pcre2/html/pcre2_substring_number_from_name.html

-- Installing: /Volumes/Samsung-T5/code/MobiPkg/Compile/logs/libs/pcre2/install/android/armeabi-v7a/share/doc/pcre2/html/pcre2api.html

-- Installing: /Volumes/Samsung-T5/code/MobiPkg/Compile/logs/libs/pcre2/install/android/armeabi-v7a/share/doc/pcre2/html/pcre2build.html

-- Installing: /Volumes/Samsung-T5/code/MobiPkg/Compile/logs/libs/pcre2/install/android/armeabi-v7a/share/doc/pcre2/html/pcre2callout.html

-- Installing: /Volumes/Samsung-T5/code/MobiPkg/Compile/logs/libs/pcre2/install/android/armeabi-v7a/share/doc/pcre2/html/pcre2compat.html

-- Installing: /Volumes/Samsung-T5/code/MobiPkg/Compile/logs/libs/pcre2/install/android/armeabi-v7a/share/doc/pcre2/html/pcre2convert.html

-- Installing: /Volumes/Samsung-T5/code/MobiPkg/Compile/logs/libs/pcre2/install/android/armeabi-v7a/share/doc/pcre2/html/pcre2demo.html

-- Installing: /Volumes/Samsung-T5/code/MobiPkg/Compile/logs/libs/pcre2/install/android/armeabi-v7a/share/doc/pcre2/html/pcre2grep.html

-- Installing: /Volumes/Samsung-T5/code/MobiPkg/Compile/logs/libs/pcre2/install/android/armeabi-v7a/share/doc/pcre2/html/pcre2jit.html

-- Installing: /Volumes/Samsung-T5/code/MobiPkg/Compile/logs/libs/pcre2/install/android/armeabi-v7a/share/doc/pcre2/html/pcre2limits.html

-- Installing: /Volumes/Samsung-T5/code/MobiPkg/Compile/logs/libs/pcre2/install/android/armeabi-v7a/share/doc/pcre2/html/pcre2matching.html

-- Installing: /Volumes/Samsung-T5/code/MobiPkg/Compile/logs/libs/pcre2/install/android/armeabi-v7a/share/doc/pcre2/html/pcre2partial.html

-- Installing: /Volumes/Samsung-T5/code/MobiPkg/Compile/logs/libs/pcre2/install/android/armeabi-v7a/share/doc/pcre2/html/pcre2pattern.html

-- Installing: /Volumes/Samsung-T5/code/MobiPkg/Compile/logs/libs/pcre2/install/android/armeabi-v7a/share/doc/pcre2/html/pcre2perform.html

-- Installing: /Volumes/Samsung-T5/code/MobiPkg/Compile/logs/libs/pcre2/install/android/armeabi-v7a/share/doc/pcre2/html/pcre2posix.html

-- Installing: /Volumes/Samsung-T5/code/MobiPkg/Compile/logs/libs/pcre2/install/android/armeabi-v7a/share/doc/pcre2/html/pcre2sample.html

-- Installing: /Volumes/Samsung-T5/code/MobiPkg/Compile/logs/libs/pcre2/install/android/armeabi-v7a/share/doc/pcre2/html/pcre2serialize.html

-- Installing: /Volumes/Samsung-T5/code/MobiPkg/Compile/logs/libs/pcre2/install/android/armeabi-v7a/share/doc/pcre2/html/pcre2syntax.html

-- Installing: /Volumes/Samsung-T5/code/MobiPkg/Compile/logs/libs/pcre2/install/android/armeabi-v7a/share/doc/pcre2/html/pcre2test.html

-- Installing: /Volumes/Samsung-T5/code/MobiPkg/Compile/logs/libs/pcre2/install/android/armeabi-v7a/share/doc/pcre2/html/pcre2unicode.html

